TpTrace Verbose: 0 : 43492, 1, 2024/11/19, 08:40:01.705, 1638094135174, testhost.dll, Version: 17.11.1 Current process architecture: X64
TpTrace Verbose: 0 : 43492, 1, 2024/11/19, 08:40:01.711, 1638094193099, testhost.dll, Runtime location: C:\Program Files\dotnet\shared\Microsoft.NETCore.App\8.0.8
TpTrace Information: 0 : 43492, 1, 2024/11/19, 08:40:01.714, 1638094228442, testhost.dll, DefaultEngineInvoker.Invoke: Testhost process started with args :[--port, 59824],[--endpoint, 127.0.0.1:059824],[--role, client],[--parentprocessid, 42048],[--diag, C:\Users\79217\Source\Repos\Food_Diary\bin\Debug\net8.0\fine-code-coverage\coverage-tool-output\diagnostics.host.24-11-19_08-40-01_22877_5.log],[--tracelevel, 4],[--datacollectionport, 59823],[--telemetryoptedin, false]
TpTrace Information: 0 : 43492, 1, 2024/11/19, 08:40:01.715, 1638094236996, testhost.dll, Setting up debug trace listener.
TpTrace Verbose: 0 : 43492, 1, 2024/11/19, 08:40:01.715, 1638094240081, testhost.dll, TestPlatformTraceListener.Setup: Replacing listener System.Diagnostics.DefaultTraceListener with TestHostTraceListener.
TpTrace Verbose: 0 : 43492, 1, 2024/11/19, 08:40:01.715, 1638094241621, testhost.dll, TestPlatformTraceListener.Setup: Added test platform trace listener.
TpTrace Information: 0 : 43492, 1, 2024/11/19, 08:40:01.716, 1638094246281, testhost.dll, DefaultEngineInvoker.SetParentProcessExitCallback: Monitoring parent process with id: '42048'
TpTrace Information: 0 : 43492, 1, 2024/11/19, 08:40:01.740, 1638094487291, testhost.dll, DefaultEngineInvoker.GetConnectionInfo: Initialize communication on endpoint address: '127.0.0.1:059824'
TpTrace Information: 0 : 43492, 1, 2024/11/19, 08:40:01.760, 1638094686004, testhost.dll, SocketClient.Start: connecting to server endpoint: 127.0.0.1:059824
TpTrace Information: 0 : 43492, 9, 2024/11/19, 08:40:01.770, 1638094785804, testhost.dll, SocketClient.OnServerConnected: connected to server endpoint: 127.0.0.1:059824
TpTrace Verbose: 0 : 43492, 9, 2024/11/19, 08:40:01.773, 1638094813346, testhost.dll, MulticastDelegateUtilities.SafeInvoke: SocketClient: ServerConnected: Invoking callback 1/1 for Microsoft.VisualStudio.TestPlatform.CommunicationUtilities.TestRequestHandler., took 0 ms.
TpTrace Verbose: 0 : 43492, 9, 2024/11/19, 08:40:01.773, 1638094814815, testhost.dll, Connected to server, and starting MessageLoopAsync
TpTrace Information: 0 : 43492, 1, 2024/11/19, 08:40:01.773, 1638094814281, testhost.dll, DefaultEngineInvoker.ConnectToDatacollector: Connecting to datacollector, port: 59823
TpTrace Information: 0 : 43492, 1, 2024/11/19, 08:40:01.774, 1638094824774, testhost.dll, Trying to connect to server on socket : 127.0.0.1:59823 
TpTrace Verbose: 0 : 43492, 1, 2024/11/19, 08:40:01.774, 1638094828010, testhost.dll, SocketCommunicationManager : SetupClientAsync : Attempting to connect to the server.
TpTrace Information: 0 : 43492, 11, 2024/11/19, 08:40:01.776, 1638094850774, testhost.dll, Connected to the server successfully 
TpTrace Information: 0 : 43492, 11, 2024/11/19, 08:40:01.776, 1638094852341, testhost.dll, Using the buffer size of 16384 bytes
TpTrace Verbose: 0 : 43492, 1, 2024/11/19, 08:40:01.777, 1638094853229, testhost.dll, SocketCommunicationManager.WaitForServerConnection took: 0 ms, with 90000 ms timeout, and finished with True.
TpTrace Information: 0 : 43492, 1, 2024/11/19, 08:40:01.777, 1638094854742, testhost.dll, DefaultEngineInvoker.Invoke: Start Request Processing.
TpTrace Information: 0 : 43492, 12, 2024/11/19, 08:40:01.777, 1638094862316, testhost.dll, DefaultEngineInvoker.StartProcessingAsync: Connected to vstest.console, Starting process requests.
TpTrace Verbose: 0 : 43492, 7, 2024/11/19, 08:40:01.782, 1638094903356, testhost.dll, TcpClientExtensions.MessageLoopAsync: Polling on remoteEndPoint: [::ffff:127.0.0.1]:59824 localEndPoint: [::ffff:127.0.0.1]:59825 after 0 ms
TpTrace Verbose: 0 : 43492, 7, 2024/11/19, 08:40:01.782, 1638094904941, testhost.dll, TcpClientExtensions.MessageLoopAsync: NotifyDataAvailable remoteEndPoint: [::ffff:127.0.0.1]:59824 localEndPoint: [::ffff:127.0.0.1]:59825
TpTrace Information: 0 : 43492, 7, 2024/11/19, 08:40:01.786, 1638094945743, testhost.dll, TestRequestHandler.OnMessageReceived: received message: (ProtocolVersion) -> {"MessageType":"ProtocolVersion","Payload":7}
TpTrace Verbose: 0 : 43492, 7, 2024/11/19, 08:40:01.930, 1638096388266, testhost.dll, TestRequestHandler.SendData: sending data from testhost: {"Version":7,"MessageType":"TestSession.Message","Payload":{"MessageLevel":0,"Message":"Ведение журналов диагностики TestHost в файле: C:\\Users\\79217\\Source\\Repos\\Food_Diary\\bin\\Debug\\net8.0\\fine-code-coverage\\coverage-tool-output\\diagnostics.host.24-11-19_08-40-01_22877_5.log"}}
TpTrace Verbose: 0 : 43492, 7, 2024/11/19, 08:40:01.930, 1638096391308, testhost.dll, MulticastDelegateUtilities.SafeInvoke: LengthPrefixCommunicationChannel: MessageReceived: Invoking callback 1/1 for Microsoft.VisualStudio.TestPlatform.CommunicationUtilities.TestRequestHandler., took 147 ms.
TpTrace Verbose: 0 : 43492, 7, 2024/11/19, 08:40:01.930, 1638096391790, testhost.dll, TcpClientExtensions.MessageLoopAsync: Polling on remoteEndPoint: [::ffff:127.0.0.1]:59824 localEndPoint: [::ffff:127.0.0.1]:59825 after 148 ms
TpTrace Verbose: 0 : 43492, 7, 2024/11/19, 08:40:01.934, 1638096423953, testhost.dll, TcpClientExtensions.MessageLoopAsync: NotifyDataAvailable remoteEndPoint: [::ffff:127.0.0.1]:59824 localEndPoint: [::ffff:127.0.0.1]:59825
TpTrace Information: 0 : 43492, 7, 2024/11/19, 08:40:01.934, 1638096430630, testhost.dll, TestRequestHandler.OnMessageReceived: received message: (TestExecution.Initialize) -> {"Version":7,"MessageType":"TestExecution.Initialize","Payload":["C:\\Users\\79217\\Source\\Repos\\Food_Diary\\bin\\Debug\\net8.0\\fine-code-coverage\\build-output\\NUnit3.TestAdapter.dll"]}
TpTrace Verbose: 0 : 43492, 7, 2024/11/19, 08:40:01.941, 1638096499830, testhost.dll, MulticastDelegateUtilities.SafeInvoke: LengthPrefixCommunicationChannel: MessageReceived: Invoking callback 1/1 for Microsoft.VisualStudio.TestPlatform.CommunicationUtilities.TestRequestHandler., took 7 ms.
TpTrace Verbose: 0 : 43492, 7, 2024/11/19, 08:40:01.941, 1638096500991, testhost.dll, TcpClientExtensions.MessageLoopAsync: Polling on remoteEndPoint: [::ffff:127.0.0.1]:59824 localEndPoint: [::ffff:127.0.0.1]:59825 after 10 ms
TpTrace Information: 0 : 43492, 4, 2024/11/19, 08:40:01.942, 1638096508205, testhost.dll, TestRequestHandler.OnMessageReceived: Running job 'TestExecution.Initialize'.
TpTrace Verbose: 0 : 43492, 4, 2024/11/19, 08:40:01.946, 1638096546880, testhost.dll, TestExecutorService: Loading the extensions
TpTrace Verbose: 0 : 43492, 4, 2024/11/19, 08:40:01.949, 1638096574094, testhost.dll, TestPluginCache.DiscoverTestExtensions: finding test extensions in assemblies ends with: TestAdapter.dll TPluginInfo: Microsoft.VisualStudio.TestPlatform.Common.ExtensionFramework.Utilities.TestExecutorPluginInformation TExtension: Microsoft.VisualStudio.TestPlatform.ObjectModel.Adapter.ITestExecutor
TpTrace Verbose: 0 : 43492, 7, 2024/11/19, 08:40:01.954, 1638096629742, testhost.dll, TcpClientExtensions.MessageLoopAsync: NotifyDataAvailable remoteEndPoint: [::ffff:127.0.0.1]:59824 localEndPoint: [::ffff:127.0.0.1]:59825
TpTrace Verbose: 0 : 43492, 4, 2024/11/19, 08:40:01.954, 1638096632527, testhost.dll, TestPluginCache.GetExtensionPaths: Filtered extension paths: 
TpTrace Information: 0 : 43492, 7, 2024/11/19, 08:40:01.954, 1638096632835, testhost.dll, TestRequestHandler.OnMessageReceived: received message: (TestExecution.StartWithSources) -> {"Version":7,"MessageType":"TestExecution.StartWithSources","Payload":{"AdapterSourceMap":{"_none_":["C:\\Users\\79217\\Source\\Repos\\Food_Diary\\bin\\Debug\\net8.0\\fine-code-coverage\\build-output\\Дневник Питания.dll"]},"RunSettings":"<RunSettings>\r\n  <RunConfiguration>\r\n    <ResultsDirectory>C:\\Users\\79217\\Source\\Repos\\Food_Diary\\bin\\Debug\\net8.0\\fine-code-coverage\\coverage-tool-output</ResultsDirectory>\r\n    <TargetFrameworkVersion>.NETCoreApp,Version=v8.0</TargetFrameworkVersion>\r\n    <DesignMode>False</DesignMode>\r\n    <CollectSourceInformation>False</CollectSourceInformation>\r\n  </RunConfiguration>\r\n  <LoggerRunSettings>\r\n    <Loggers>\r\n      <Logger friendlyName=\"blame\" enabled=\"True\" />\r\n      <Logger friendlyName=\"Console\" uri=\"logger://microsoft/TestPlatform/ConsoleLogger/v1\" assemblyQualifiedName=\"Microsoft.VisualStudio.TestPlatform.CommandLine.Internal.ConsoleLogger, vstest.console, Version=15.0.0.0, Culture=neutral, PublicKeyToken=b03f5f7f11d50a3a\" codeBase=\"C:\\Program Files\\dotnet\\sdk\\8.0.401\\vstest.console.dll\" enabled=\"True\" />\r\n    </Loggers>\r\n  </LoggerRunSettings>\r\n  <DataCollectionRunSettings>\r\n    <DataCollectors>\r\n      <DataCollector friendlyName=\"blame\" enabled=\"True\">\r\n        <Configuration>\r\n          <ResultsDirectory>C:\\Users\\79217\\Source\\Repos\\Food_Diary\\bin\\Debug\\net8.0\\fine-code-coverage\\coverage-tool-output</ResultsDirectory>\r\n        </Configuration>\r\n      </DataCollector>\r\n    </DataCollectors>\r\n  </DataCollectionRunSettings>\r\n</RunSettings>","TestExecutionContext":{"FrequencyOfRunStatsChangeEvent":10,"RunStatsChangeEventTimeout":"00:00:01.5000000","InIsolation":false,"KeepAlive":false,"AreTestCaseLevelEventsRequired":false,"IsDebug":false,"TestCaseFilter":null,"FilterOptions":null},"Package":null}}
TpTrace Verbose: 0 : 43492, 4, 2024/11/19, 08:40:01.955, 1638096639593, testhost.dll, TestPluginCache.GetExtensionPaths: Added default extension paths: C:\Users\79217\Source\Repos\Food_Diary\bin\Debug\net8.0\fine-code-coverage\build-output\NUnit3.TestAdapter.dll
TpTrace Verbose: 0 : 43492, 4, 2024/11/19, 08:40:01.955, 1638096640691, testhost.dll, TestPluginCache.GetExtensionPaths: Added unfilterableExtensionPaths: 
TpTrace Information: 0 : 43492, 4, 2024/11/19, 08:40:01.958, 1638096665569, testhost.dll, AssemblyResolver.ctor: Creating AssemblyResolver with searchDirectories C:\Users\79217\Source\Repos\Food_Diary\bin\Debug\net8.0\fine-code-coverage\build-output
TpTrace Verbose: 0 : 43492, 4, 2024/11/19, 08:40:01.960, 1638096691701, testhost.dll, TestPluginCache.DiscoverTestExtensions: Discovering the extensions using extension path.
TpTrace Verbose: 0 : 43492, 4, 2024/11/19, 08:40:01.961, 1638096694725, testhost.dll, TestPluginCache.GetExtensionPaths: Filtered extension paths: 
TpTrace Verbose: 0 : 43492, 4, 2024/11/19, 08:40:01.961, 1638096695444, testhost.dll, TestPluginCache.GetExtensionPaths: Added default extension paths: C:\Users\79217\Source\Repos\Food_Diary\bin\Debug\net8.0\fine-code-coverage\build-output\NUnit3.TestAdapter.dll
TpTrace Verbose: 0 : 43492, 4, 2024/11/19, 08:40:01.961, 1638096695966, testhost.dll, TestPluginCache.GetExtensionPaths: Added unfilterableExtensionPaths: 
TpTrace Verbose: 0 : 43492, 4, 2024/11/19, 08:40:01.961, 1638096697100, testhost.dll, TestPluginCache.DiscoverTestExtensions: Discovering the extensions using allExtensionPaths: C:\Users\79217\Source\Repos\Food_Diary\bin\Debug\net8.0\fine-code-coverage\build-output\NUnit3.TestAdapter.dll
TpTrace Information: 0 : 43492, 4, 2024/11/19, 08:40:01.962, 1638096708175, testhost.dll, AssemblyResolver.AddSearchDirectories: Adding more searchDirectories C:\Users\79217\Source\Repos\Food_Diary\bin\Debug\net8.0\fine-code-coverage\build-output
TpTrace Information: 0 : 43492, 4, 2024/11/19, 08:40:01.967, 1638096752908, testhost.dll, AssemblyResolver.OnResolve: NUnit3.TestAdapter: Resolving assembly.
TpTrace Information: 0 : 43492, 4, 2024/11/19, 08:40:01.967, 1638096754963, testhost.dll, AssemblyResolver.OnResolve: NUnit3.TestAdapter: Searching in: 'C:\Users\79217\Source\Repos\Food_Diary\bin\Debug\net8.0\fine-code-coverage\build-output'.
TpTrace Information: 0 : 43492, 4, 2024/11/19, 08:40:01.985, 1638096937276, testhost.dll, AssemblyResolver.OnResolve: NUnit3.TestAdapter: Loading assembly 'C:\Users\79217\Source\Repos\Food_Diary\bin\Debug\net8.0\fine-code-coverage\build-output\NUnit3.TestAdapter.dll'.
TpTrace Information: 0 : 43492, 4, 2024/11/19, 08:40:01.987, 1638096959702, testhost.dll, AssemblyResolver.OnResolve: Resolved assembly: NUnit3.TestAdapter, from path: C:\Users\79217\Source\Repos\Food_Diary\bin\Debug\net8.0\fine-code-coverage\build-output\NUnit3.TestAdapter.dll
TpTrace Verbose: 0 : 43492, 7, 2024/11/19, 08:40:01.997, 1638097060689, testhost.dll, MulticastDelegateUtilities.SafeInvoke: LengthPrefixCommunicationChannel: MessageReceived: Invoking callback 1/1 for Microsoft.VisualStudio.TestPlatform.CommunicationUtilities.TestRequestHandler., took 42 ms.
TpTrace Verbose: 0 : 43492, 7, 2024/11/19, 08:40:01.997, 1638097062456, testhost.dll, TcpClientExtensions.MessageLoopAsync: Polling on remoteEndPoint: [::ffff:127.0.0.1]:59824 localEndPoint: [::ffff:127.0.0.1]:59825 after 56 ms
TpTrace Verbose: 0 : 43492, 4, 2024/11/19, 08:40:02.020, 1638097291441, testhost.dll, MetadataReaderExtensionsHelper: Discovering extensions inside assembly 'NUnit3.TestAdapter, Version=4.6.0.0, Culture=neutral, PublicKeyToken=4cb40d35494691ac' file path 'C:\Users\79217\Source\Repos\Food_Diary\bin\Debug\net8.0\fine-code-coverage\build-output\NUnit3.TestAdapter.dll'
TpTrace Information: 0 : 43492, 4, 2024/11/19, 08:40:02.026, 1638097352132, testhost.dll, AssemblyResolver.OnResolve: nunit.engine.api: Resolving assembly.
TpTrace Information: 0 : 43492, 4, 2024/11/19, 08:40:02.027, 1638097355848, testhost.dll, AssemblyResolver.OnResolve: nunit.engine.api: Searching in: 'C:\Users\79217\Source\Repos\Food_Diary\bin\Debug\net8.0\fine-code-coverage\build-output'.
TpTrace Information: 0 : 43492, 4, 2024/11/19, 08:40:02.028, 1638097367017, testhost.dll, AssemblyResolver.OnResolve: nunit.engine.api: Loading assembly 'C:\Users\79217\Source\Repos\Food_Diary\bin\Debug\net8.0\fine-code-coverage\build-output\nunit.engine.api.dll'.
TpTrace Information: 0 : 43492, 4, 2024/11/19, 08:40:02.029, 1638097377700, testhost.dll, AssemblyResolver.OnResolve: Resolved assembly: nunit.engine.api, from path: C:\Users\79217\Source\Repos\Food_Diary\bin\Debug\net8.0\fine-code-coverage\build-output\nunit.engine.api.dll
TpTrace Information: 0 : 43492, 4, 2024/11/19, 08:40:02.035, 1638097436407, testhost.dll, GetTestExtensionFromType: Register extension with identifier data 'executor://NUnit3TestExecutor' and type 'NUnit.VisualStudio.TestAdapter.NUnit3TestExecutor, NUnit3.TestAdapter, Version=4.6.0.0, Culture=neutral, PublicKeyToken=4cb40d35494691ac' inside file 'C:\Users\79217\Source\Repos\Food_Diary\bin\Debug\net8.0\fine-code-coverage\build-output\NUnit3.TestAdapter.dll'
TpTrace Verbose: 0 : 43492, 4, 2024/11/19, 08:40:02.038, 1638097471125, testhost.dll, TestPluginCache: Discovered the extensions using extension path ''.
TpTrace Verbose: 0 : 43492, 4, 2024/11/19, 08:40:02.039, 1638097480073, testhost.dll, TestPluginCache: Discoverers are ''.
TpTrace Verbose: 0 : 43492, 4, 2024/11/19, 08:40:02.039, 1638097481522, testhost.dll, TestPluginCache: Executors are 'executor://NUnit3TestExecutor'.
TpTrace Verbose: 0 : 43492, 4, 2024/11/19, 08:40:02.039, 1638097482549, testhost.dll, TestPluginCache: Executors2 are ''.
TpTrace Verbose: 0 : 43492, 4, 2024/11/19, 08:40:02.040, 1638097483560, testhost.dll, TestPluginCache: Setting providers are ''.
TpTrace Verbose: 0 : 43492, 4, 2024/11/19, 08:40:02.040, 1638097484483, testhost.dll, TestPluginCache: Loggers are ''.
TpTrace Verbose: 0 : 43492, 4, 2024/11/19, 08:40:02.040, 1638097485358, testhost.dll, TestPluginCache: TestHosts are ''.
TpTrace Verbose: 0 : 43492, 4, 2024/11/19, 08:40:02.040, 1638097486196, testhost.dll, TestPluginCache: DataCollectors are ''.
TpTrace Verbose: 0 : 43492, 4, 2024/11/19, 08:40:02.044, 1638097524036, testhost.dll, TestPluginCache.DiscoverTestExtensions: finding test extensions in assemblies ends with: TestAdapter.dll TPluginInfo: Microsoft.VisualStudio.TestPlatform.Common.ExtensionFramework.Utilities.TestExecutorPluginInformation2 TExtension: Microsoft.VisualStudio.TestPlatform.ObjectModel.Adapter.ITestExecutor2
TpTrace Verbose: 0 : 43492, 4, 2024/11/19, 08:40:02.044, 1638097528708, testhost.dll, TestPluginCache.GetExtensionPaths: Filtered extension paths: 
TpTrace Verbose: 0 : 43492, 4, 2024/11/19, 08:40:02.044, 1638097529615, testhost.dll, TestPluginCache.GetExtensionPaths: Added default extension paths: C:\Users\79217\Source\Repos\Food_Diary\bin\Debug\net8.0\fine-code-coverage\build-output\NUnit3.TestAdapter.dll
TpTrace Verbose: 0 : 43492, 4, 2024/11/19, 08:40:02.044, 1638097531320, testhost.dll, TestPluginCache.GetExtensionPaths: Added unfilterableExtensionPaths: 
TpTrace Information: 0 : 43492, 4, 2024/11/19, 08:40:02.045, 1638097535635, testhost.dll, AssemblyResolver.AddSearchDirectories: Adding more searchDirectories C:\Users\79217\Source\Repos\Food_Diary\bin\Debug\net8.0\fine-code-coverage\build-output
TpTrace Verbose: 0 : 43492, 4, 2024/11/19, 08:40:02.045, 1638097536715, testhost.dll, TestPluginCache.DiscoverTestExtensions: Discovering the extensions using extension path.
TpTrace Verbose: 0 : 43492, 4, 2024/11/19, 08:40:02.045, 1638097537624, testhost.dll, TestPluginCache.GetExtensionPaths: Filtered extension paths: 
TpTrace Verbose: 0 : 43492, 4, 2024/11/19, 08:40:02.045, 1638097538122, testhost.dll, TestPluginCache.GetExtensionPaths: Added default extension paths: C:\Users\79217\Source\Repos\Food_Diary\bin\Debug\net8.0\fine-code-coverage\build-output\NUnit3.TestAdapter.dll
TpTrace Verbose: 0 : 43492, 4, 2024/11/19, 08:40:02.045, 1638097538602, testhost.dll, TestPluginCache.GetExtensionPaths: Added unfilterableExtensionPaths: 
TpTrace Verbose: 0 : 43492, 4, 2024/11/19, 08:40:02.045, 1638097539140, testhost.dll, TestPluginCache.DiscoverTestExtensions: Discovering the extensions using allExtensionPaths: C:\Users\79217\Source\Repos\Food_Diary\bin\Debug\net8.0\fine-code-coverage\build-output\NUnit3.TestAdapter.dll
TpTrace Information: 0 : 43492, 4, 2024/11/19, 08:40:02.045, 1638097539983, testhost.dll, AssemblyResolver.AddSearchDirectories: Adding more searchDirectories C:\Users\79217\Source\Repos\Food_Diary\bin\Debug\net8.0\fine-code-coverage\build-output
TpTrace Verbose: 0 : 43492, 4, 2024/11/19, 08:40:02.045, 1638097541212, testhost.dll, MetadataReaderExtensionsHelper: Discovering extensions inside assembly 'NUnit3.TestAdapter, Version=4.6.0.0, Culture=neutral, PublicKeyToken=4cb40d35494691ac' file path 'C:\Users\79217\Source\Repos\Food_Diary\bin\Debug\net8.0\fine-code-coverage\build-output\NUnit3.TestAdapter.dll'
TpTrace Verbose: 0 : 43492, 4, 2024/11/19, 08:40:02.047, 1638097561181, testhost.dll, TestPluginCache: Discovered the extensions using extension path ''.
TpTrace Verbose: 0 : 43492, 4, 2024/11/19, 08:40:02.048, 1638097562907, testhost.dll, TestPluginCache: Discoverers are ''.
TpTrace Verbose: 0 : 43492, 4, 2024/11/19, 08:40:02.048, 1638097563811, testhost.dll, TestPluginCache: Executors are 'executor://NUnit3TestExecutor'.
TpTrace Verbose: 0 : 43492, 4, 2024/11/19, 08:40:02.048, 1638097565168, testhost.dll, TestPluginCache: Executors2 are ''.
TpTrace Verbose: 0 : 43492, 4, 2024/11/19, 08:40:02.048, 1638097565732, testhost.dll, TestPluginCache: Setting providers are ''.
TpTrace Verbose: 0 : 43492, 4, 2024/11/19, 08:40:02.048, 1638097566199, testhost.dll, TestPluginCache: Loggers are ''.
TpTrace Verbose: 0 : 43492, 4, 2024/11/19, 08:40:02.048, 1638097566655, testhost.dll, TestPluginCache: TestHosts are ''.
TpTrace Verbose: 0 : 43492, 4, 2024/11/19, 08:40:02.048, 1638097567106, testhost.dll, TestPluginCache: DataCollectors are ''.
TpTrace Information: 0 : 43492, 4, 2024/11/19, 08:40:02.060, 1638097691506, testhost.dll, TestPluginManager.CreateTestExtension: Attempting to load test extension: NUnit.VisualStudio.TestAdapter.NUnit3TestExecutor
TpTrace Verbose: 0 : 43492, 4, 2024/11/19, 08:40:02.063, 1638097714013, testhost.dll, TestExecutorExtensionManager: Loading executor Microsoft.VisualStudio.TestPlatform.Common.ExtensionDecorators.SerialTestRunDecorator
TpTrace Verbose: 0 : 43492, 4, 2024/11/19, 08:40:02.063, 1638097715189, testhost.dll, TestExecutorService: Loaded the executors
TpTrace Verbose: 0 : 43492, 4, 2024/11/19, 08:40:02.064, 1638097725107, testhost.dll, TestPluginCache.DiscoverTestExtensions: finding test extensions in assemblies ends with: TestAdapter.dll TPluginInfo: Microsoft.VisualStudio.TestPlatform.Common.ExtensionFramework.Utilities.TestSettingsProviderPluginInformation TExtension: Microsoft.VisualStudio.TestPlatform.ObjectModel.Adapter.ISettingsProvider
TpTrace Verbose: 0 : 43492, 4, 2024/11/19, 08:40:02.064, 1638097727185, testhost.dll, TestPluginCache.GetExtensionPaths: Filtered extension paths: 
TpTrace Verbose: 0 : 43492, 4, 2024/11/19, 08:40:02.064, 1638097727919, testhost.dll, TestPluginCache.GetExtensionPaths: Added default extension paths: C:\Users\79217\Source\Repos\Food_Diary\bin\Debug\net8.0\fine-code-coverage\build-output\NUnit3.TestAdapter.dll
TpTrace Verbose: 0 : 43492, 4, 2024/11/19, 08:40:02.064, 1638097728425, testhost.dll, TestPluginCache.GetExtensionPaths: Added unfilterableExtensionPaths: 
TpTrace Information: 0 : 43492, 4, 2024/11/19, 08:40:02.064, 1638097731530, testhost.dll, AssemblyResolver.AddSearchDirectories: Adding more searchDirectories C:\Users\79217\Source\Repos\Food_Diary\bin\Debug\net8.0\fine-code-coverage\build-output
TpTrace Verbose: 0 : 43492, 4, 2024/11/19, 08:40:02.064, 1638097732351, testhost.dll, TestPluginCache.DiscoverTestExtensions: Discovering the extensions using extension path.
TpTrace Verbose: 0 : 43492, 4, 2024/11/19, 08:40:02.065, 1638097732876, testhost.dll, TestPluginCache.GetExtensionPaths: Filtered extension paths: 
TpTrace Verbose: 0 : 43492, 4, 2024/11/19, 08:40:02.065, 1638097733374, testhost.dll, TestPluginCache.GetExtensionPaths: Added default extension paths: C:\Users\79217\Source\Repos\Food_Diary\bin\Debug\net8.0\fine-code-coverage\build-output\NUnit3.TestAdapter.dll
TpTrace Verbose: 0 : 43492, 4, 2024/11/19, 08:40:02.065, 1638097733850, testhost.dll, TestPluginCache.GetExtensionPaths: Added unfilterableExtensionPaths: 
TpTrace Verbose: 0 : 43492, 4, 2024/11/19, 08:40:02.065, 1638097734491, testhost.dll, TestPluginCache.DiscoverTestExtensions: Discovering the extensions using allExtensionPaths: C:\Users\79217\Source\Repos\Food_Diary\bin\Debug\net8.0\fine-code-coverage\build-output\NUnit3.TestAdapter.dll
TpTrace Information: 0 : 43492, 4, 2024/11/19, 08:40:02.065, 1638097735274, testhost.dll, AssemblyResolver.AddSearchDirectories: Adding more searchDirectories C:\Users\79217\Source\Repos\Food_Diary\bin\Debug\net8.0\fine-code-coverage\build-output
TpTrace Verbose: 0 : 43492, 4, 2024/11/19, 08:40:02.065, 1638097736375, testhost.dll, MetadataReaderExtensionsHelper: Discovering extensions inside assembly 'NUnit3.TestAdapter, Version=4.6.0.0, Culture=neutral, PublicKeyToken=4cb40d35494691ac' file path 'C:\Users\79217\Source\Repos\Food_Diary\bin\Debug\net8.0\fine-code-coverage\build-output\NUnit3.TestAdapter.dll'
TpTrace Verbose: 0 : 43492, 4, 2024/11/19, 08:40:02.067, 1638097753031, testhost.dll, TestPluginCache: Discovered the extensions using extension path ''.
TpTrace Verbose: 0 : 43492, 4, 2024/11/19, 08:40:02.067, 1638097754263, testhost.dll, TestPluginCache: Discoverers are ''.
TpTrace Verbose: 0 : 43492, 4, 2024/11/19, 08:40:02.067, 1638097754830, testhost.dll, TestPluginCache: Executors are 'executor://NUnit3TestExecutor'.
TpTrace Verbose: 0 : 43492, 4, 2024/11/19, 08:40:02.067, 1638097755499, testhost.dll, TestPluginCache: Executors2 are ''.
TpTrace Verbose: 0 : 43492, 4, 2024/11/19, 08:40:02.067, 1638097756206, testhost.dll, TestPluginCache: Setting providers are ''.
TpTrace Verbose: 0 : 43492, 4, 2024/11/19, 08:40:02.067, 1638097756700, testhost.dll, TestPluginCache: Loggers are ''.
TpTrace Verbose: 0 : 43492, 4, 2024/11/19, 08:40:02.067, 1638097757156, testhost.dll, TestPluginCache: TestHosts are ''.
TpTrace Verbose: 0 : 43492, 4, 2024/11/19, 08:40:02.067, 1638097757609, testhost.dll, TestPluginCache: DataCollectors are ''.
TpTrace Verbose: 0 : 43492, 4, 2024/11/19, 08:40:02.068, 1638097769558, testhost.dll, TestExecutorService: Loaded the settings providers
TpTrace Information: 0 : 43492, 4, 2024/11/19, 08:40:02.068, 1638097771096, testhost.dll, TestExecutorService: Loaded the extensions
TpTrace Information: 0 : 43492, 4, 2024/11/19, 08:40:02.069, 1638097777738, testhost.dll, TestRequestHandler.OnMessageReceived: Running job 'TestExecution.StartWithSources'.
TpTrace Verbose: 0 : 43492, 4, 2024/11/19, 08:40:02.165, 1638098733370, testhost.dll, MulticastDelegateUtilities.SafeInvoke: TestCaseEventsHandler.RaiseSessionStart: Invoking callbacks was skipped because there are no subscribers.
TpTrace Information: 0 : 43492, 4, 2024/11/19, 08:40:02.168, 1638098772609, testhost.dll, TestDiscoveryManager: Discovering tests from sources C:\Users\79217\Source\Repos\Food_Diary\bin\Debug\net8.0\fine-code-coverage\build-output\Дневник Питания.dll
TpTrace Verbose: 0 : 43492, 4, 2024/11/19, 08:40:02.172, 1638098804151, testhost.dll, TestPluginCache.DiscoverTestExtensions: finding test extensions in assemblies ends with: TestAdapter.dll TPluginInfo: Microsoft.VisualStudio.TestPlatform.Common.ExtensionFramework.Utilities.TestDiscovererPluginInformation TExtension: Microsoft.VisualStudio.TestPlatform.ObjectModel.Adapter.ITestDiscoverer
TpTrace Verbose: 0 : 43492, 4, 2024/11/19, 08:40:02.172, 1638098806350, testhost.dll, TestPluginCache.GetExtensionPaths: Filtered extension paths: 
TpTrace Verbose: 0 : 43492, 4, 2024/11/19, 08:40:02.172, 1638098807046, testhost.dll, TestPluginCache.GetExtensionPaths: Added default extension paths: C:\Users\79217\Source\Repos\Food_Diary\bin\Debug\net8.0\fine-code-coverage\build-output\NUnit3.TestAdapter.dll
TpTrace Verbose: 0 : 43492, 4, 2024/11/19, 08:40:02.172, 1638098807536, testhost.dll, TestPluginCache.GetExtensionPaths: Added unfilterableExtensionPaths: 
TpTrace Information: 0 : 43492, 4, 2024/11/19, 08:40:02.172, 1638098810510, testhost.dll, AssemblyResolver.AddSearchDirectories: Adding more searchDirectories C:\Users\79217\Source\Repos\Food_Diary\bin\Debug\net8.0\fine-code-coverage\build-output
TpTrace Verbose: 0 : 43492, 4, 2024/11/19, 08:40:02.172, 1638098811313, testhost.dll, TestPluginCache.DiscoverTestExtensions: Discovering the extensions using extension path.
TpTrace Verbose: 0 : 43492, 4, 2024/11/19, 08:40:02.172, 1638098811848, testhost.dll, TestPluginCache.GetExtensionPaths: Filtered extension paths: 
TpTrace Verbose: 0 : 43492, 4, 2024/11/19, 08:40:02.172, 1638098812321, testhost.dll, TestPluginCache.GetExtensionPaths: Added default extension paths: C:\Users\79217\Source\Repos\Food_Diary\bin\Debug\net8.0\fine-code-coverage\build-output\NUnit3.TestAdapter.dll
TpTrace Verbose: 0 : 43492, 4, 2024/11/19, 08:40:02.173, 1638098812886, testhost.dll, TestPluginCache.GetExtensionPaths: Added unfilterableExtensionPaths: 
TpTrace Verbose: 0 : 43492, 4, 2024/11/19, 08:40:02.173, 1638098813426, testhost.dll, TestPluginCache.DiscoverTestExtensions: Discovering the extensions using allExtensionPaths: C:\Users\79217\Source\Repos\Food_Diary\bin\Debug\net8.0\fine-code-coverage\build-output\NUnit3.TestAdapter.dll
TpTrace Information: 0 : 43492, 4, 2024/11/19, 08:40:02.173, 1638098814168, testhost.dll, AssemblyResolver.AddSearchDirectories: Adding more searchDirectories C:\Users\79217\Source\Repos\Food_Diary\bin\Debug\net8.0\fine-code-coverage\build-output
TpTrace Verbose: 0 : 43492, 4, 2024/11/19, 08:40:02.173, 1638098815424, testhost.dll, MetadataReaderExtensionsHelper: Discovering extensions inside assembly 'NUnit3.TestAdapter, Version=4.6.0.0, Culture=neutral, PublicKeyToken=4cb40d35494691ac' file path 'C:\Users\79217\Source\Repos\Food_Diary\bin\Debug\net8.0\fine-code-coverage\build-output\NUnit3.TestAdapter.dll'
TpTrace Information: 0 : 43492, 4, 2024/11/19, 08:40:02.183, 1638098915623, testhost.dll, GetTestExtensionFromType: Register extension with identifier data 'NUnit.VisualStudio.TestAdapter.NUnit3TestDiscoverer, NUnit3.TestAdapter, Version=4.6.0.0, Culture=neutral, PublicKeyToken=4cb40d35494691ac' and type 'NUnit.VisualStudio.TestAdapter.NUnit3TestDiscoverer, NUnit3.TestAdapter, Version=4.6.0.0, Culture=neutral, PublicKeyToken=4cb40d35494691ac' inside file 'C:\Users\79217\Source\Repos\Food_Diary\bin\Debug\net8.0\fine-code-coverage\build-output\NUnit3.TestAdapter.dll'
TpTrace Verbose: 0 : 43492, 4, 2024/11/19, 08:40:02.183, 1638098919354, testhost.dll, TestPluginCache: Discovered the extensions using extension path ''.
TpTrace Verbose: 0 : 43492, 4, 2024/11/19, 08:40:02.183, 1638098920431, testhost.dll, TestPluginCache: Discoverers are 'NUnit.VisualStudio.TestAdapter.NUnit3TestDiscoverer, NUnit3.TestAdapter, Version=4.6.0.0, Culture=neutral, PublicKeyToken=4cb40d35494691ac'.
TpTrace Verbose: 0 : 43492, 4, 2024/11/19, 08:40:02.183, 1638098921013, testhost.dll, TestPluginCache: Executors are 'executor://NUnit3TestExecutor'.
TpTrace Verbose: 0 : 43492, 4, 2024/11/19, 08:40:02.183, 1638098921699, testhost.dll, TestPluginCache: Executors2 are ''.
TpTrace Verbose: 0 : 43492, 4, 2024/11/19, 08:40:02.183, 1638098922332, testhost.dll, TestPluginCache: Setting providers are ''.
TpTrace Verbose: 0 : 43492, 4, 2024/11/19, 08:40:02.183, 1638098922803, testhost.dll, TestPluginCache: Loggers are ''.
TpTrace Verbose: 0 : 43492, 4, 2024/11/19, 08:40:02.184, 1638098923387, testhost.dll, TestPluginCache: TestHosts are ''.
TpTrace Verbose: 0 : 43492, 4, 2024/11/19, 08:40:02.184, 1638098925347, testhost.dll, TestPluginCache: DataCollectors are ''.
TpTrace Information: 0 : 43492, 4, 2024/11/19, 08:40:02.190, 1638098989727, testhost.dll, PEReaderHelper.GetAssemblyType: Determined assemblyType:'Managed' for source: 'C:\Users\79217\Source\Repos\Food_Diary\bin\Debug\net8.0\fine-code-coverage\build-output\Дневник Питания.dll'
TpTrace Verbose: 0 : 43492, 4, 2024/11/19, 08:40:02.197, 1638099059950, testhost.dll, BaseRunTests.RunTestInternalWithExecutors: Running tests for executor://NUnit3TestExecutor
TpTrace Information: 0 : 43492, 4, 2024/11/19, 08:40:02.209, 1638099180648, testhost.dll, AssemblyResolver.OnResolve: nunit.engine: Resolving assembly.
TpTrace Information: 0 : 43492, 4, 2024/11/19, 08:40:02.210, 1638099183357, testhost.dll, AssemblyResolver.OnResolve: nunit.engine: Searching in: 'C:\Users\79217\Source\Repos\Food_Diary\bin\Debug\net8.0\fine-code-coverage\build-output'.
TpTrace Information: 0 : 43492, 4, 2024/11/19, 08:40:02.211, 1638099196169, testhost.dll, AssemblyResolver.OnResolve: nunit.engine: Loading assembly 'C:\Users\79217\Source\Repos\Food_Diary\bin\Debug\net8.0\fine-code-coverage\build-output\nunit.engine.dll'.
TpTrace Information: 0 : 43492, 4, 2024/11/19, 08:40:02.212, 1638099208071, testhost.dll, AssemblyResolver.OnResolve: Resolved assembly: nunit.engine, from path: C:\Users\79217\Source\Repos\Food_Diary\bin\Debug\net8.0\fine-code-coverage\build-output\nunit.engine.dll
TpTrace Information: 0 : 43492, 4, 2024/11/19, 08:40:02.212, 1638099209897, testhost.dll, AssemblyResolver.OnResolve: nunit.engine.core: Resolving assembly.
TpTrace Information: 0 : 43492, 4, 2024/11/19, 08:40:02.212, 1638099210691, testhost.dll, AssemblyResolver.OnResolve: nunit.engine.core: Searching in: 'C:\Users\79217\Source\Repos\Food_Diary\bin\Debug\net8.0\fine-code-coverage\build-output'.
TpTrace Information: 0 : 43492, 4, 2024/11/19, 08:40:02.213, 1638099219043, testhost.dll, AssemblyResolver.OnResolve: nunit.engine.core: Loading assembly 'C:\Users\79217\Source\Repos\Food_Diary\bin\Debug\net8.0\fine-code-coverage\build-output\nunit.engine.core.dll'.
TpTrace Information: 0 : 43492, 4, 2024/11/19, 08:40:02.220, 1638099289265, testhost.dll, AssemblyResolver.OnResolve: Resolved assembly: nunit.engine.core, from path: C:\Users\79217\Source\Repos\Food_Diary\bin\Debug\net8.0\fine-code-coverage\build-output\nunit.engine.core.dll
TpTrace Information: 0 : 43492, 4, 2024/11/19, 08:40:02.244, 1638099526697, testhost.dll, NUnit Adapter 4.6.0.0: Test execution started
TpTrace Verbose: 0 : 43492, 4, 2024/11/19, 08:40:02.244, 1638099529071, testhost.dll, TestRequestHandler.SendData: sending data from testhost: {"Version":7,"MessageType":"TestSession.Message","Payload":{"MessageLevel":0,"Message":"NUnit Adapter 4.6.0.0: Test execution started"}}
TpTrace Verbose: 0 : 43492, 4, 2024/11/19, 08:40:02.245, 1638099533895, testhost.dll, MulticastDelegateUtilities.SafeInvoke: TestRunMessageLoggerProxy.SendMessage: Invoking callback 1/1 for Microsoft.VisualStudio.TestPlatform.CrossPlatEngine.Execution.RunTestsWithSources., took 1 ms.
TpTrace Information: 0 : 43492, 4, 2024/11/19, 08:40:02.283, 1638099913027, testhost.dll, Running all tests in C:\Users\79217\Source\Repos\Food_Diary\bin\Debug\net8.0\fine-code-coverage\build-output\Дневник Питания.dll
TpTrace Verbose: 0 : 43492, 4, 2024/11/19, 08:40:02.283, 1638099915249, testhost.dll, TestRequestHandler.SendData: sending data from testhost: {"Version":7,"MessageType":"TestSession.Message","Payload":{"MessageLevel":0,"Message":"Running all tests in C:\\Users\\79217\\Source\\Repos\\Food_Diary\\bin\\Debug\\net8.0\\fine-code-coverage\\build-output\\Дневник Питания.dll"}}
TpTrace Verbose: 0 : 43492, 4, 2024/11/19, 08:40:02.283, 1638099918151, testhost.dll, MulticastDelegateUtilities.SafeInvoke: TestRunMessageLoggerProxy.SendMessage: Invoking callback 1/1 for Microsoft.VisualStudio.TestPlatform.CrossPlatEngine.Execution.RunTestsWithSources., took 0 ms.
TpTrace Information: 0 : 43492, 4, 2024/11/19, 08:40:02.291, 1638099996421, testhost.dll, AssemblyResolver.OnResolve: testcentric.engine.metadata: Resolving assembly.
TpTrace Information: 0 : 43492, 4, 2024/11/19, 08:40:02.291, 1638099997806, testhost.dll, AssemblyResolver.OnResolve: testcentric.engine.metadata: Searching in: 'C:\Users\79217\Source\Repos\Food_Diary\bin\Debug\net8.0\fine-code-coverage\build-output'.
TpTrace Information: 0 : 43492, 4, 2024/11/19, 08:40:02.292, 1638100003177, testhost.dll, AssemblyResolver.OnResolve: testcentric.engine.metadata: Loading assembly 'C:\Users\79217\Source\Repos\Food_Diary\bin\Debug\net8.0\fine-code-coverage\build-output\testcentric.engine.metadata.dll'.
TpTrace Information: 0 : 43492, 4, 2024/11/19, 08:40:02.292, 1638100011589, testhost.dll, AssemblyResolver.OnResolve: Resolved assembly: testcentric.engine.metadata, from path: C:\Users\79217\Source\Repos\Food_Diary\bin\Debug\net8.0\fine-code-coverage\build-output\testcentric.engine.metadata.dll
TpTrace Information: 0 : 43492, 4, 2024/11/19, 08:40:02.382, 1638100907829, testhost.dll,    NUnit3TestExecutor discovered 18 of 18 NUnit test cases using Current Discovery mode, Non-Explicit run
TpTrace Verbose: 0 : 43492, 4, 2024/11/19, 08:40:02.382, 1638100909151, testhost.dll, TestRequestHandler.SendData: sending data from testhost: {"Version":7,"MessageType":"TestSession.Message","Payload":{"MessageLevel":0,"Message":"   NUnit3TestExecutor discovered 18 of 18 NUnit test cases using Current Discovery mode, Non-Explicit run"}}
TpTrace Verbose: 0 : 43492, 4, 2024/11/19, 08:40:02.382, 1638100910930, testhost.dll, MulticastDelegateUtilities.SafeInvoke: TestRunMessageLoggerProxy.SendMessage: Invoking callback 1/1 for Microsoft.VisualStudio.TestPlatform.CrossPlatEngine.Execution.RunTestsWithSources., took 0 ms.
TpTrace Verbose: 0 : 43492, 14, 2024/11/19, 08:40:02.404, 1638101126532, testhost.dll, TestExecutionRecorder.RecordStart: Starting test: Дневник_Питания.Tests.Core.FoodDataServiceTests.LoadUserAsync_ShouldReturnUser_WhenDataExists.
TpTrace Verbose: 0 : 43492, 14, 2024/11/19, 08:40:02.445, 1638101535990, testhost.dll, MulticastDelegateUtilities.SafeInvoke: TestCaseEventsHandler.RaiseTestCaseStart: Invoking callback 1/1 for Microsoft.VisualStudio.TestPlatform.CrossPlatEngine.DataCollection.ProxyOutOfProcDataCollectionManager., took 30 ms.
TpTrace Verbose: 0 : 43492, 14, 2024/11/19, 08:40:02.489, 1638101980606, testhost.dll, TestExecutionRecorder.RecordEnd: test: Дневник_Питания.Tests.Core.FoodDataServiceTests.LoadUserAsync_ShouldReturnUser_WhenDataExists execution completed.
TpTrace Verbose: 0 : 43492, 14, 2024/11/19, 08:40:02.503, 1638102120717, testhost.dll, MulticastDelegateUtilities.SafeInvoke: TestCaseEventsHandler.RaiseTestCaseEnd: Invoking callback 1/1 for Microsoft.VisualStudio.TestPlatform.CrossPlatEngine.DataCollection.ProxyOutOfProcDataCollectionManager., took 13 ms.
TpTrace Verbose: 0 : 43492, 14, 2024/11/19, 08:40:02.504, 1638102126539, testhost.dll, TestExecutionRecorder.RecordResult: Received result for test: Дневник_Питания.Tests.Core.FoodDataServiceTests.LoadUserAsync_ShouldReturnUser_WhenDataExists.
TpTrace Verbose: 0 : 43492, 14, 2024/11/19, 08:40:02.505, 1638102134249, testhost.dll, MulticastDelegateUtilities.SafeInvoke: TestCaseEventsHandler.RaiseTestCaseEnd: Invoking callback 1/1 for Microsoft.VisualStudio.TestPlatform.CrossPlatEngine.DataCollection.ProxyOutOfProcDataCollectionManager., took 0 ms.
TpTrace Warning: 0 : 43492, 14, 2024/11/19, 08:40:02.506, 1638102147951, testhost.dll, TestRunCache: InProgressTests is null
TpTrace Warning: 0 : 43492, 14, 2024/11/19, 08:40:02.506, 1638102149618, testhost.dll, TestRunCache: No test found corresponding to testResult 'LoadUserAsync_ShouldReturnUser_WhenDataExists' in inProgress list.
TpTrace Verbose: 0 : 43492, 14, 2024/11/19, 08:40:02.506, 1638102151606, testhost.dll, TestExecutionRecorder.RecordStart: Starting test: Дневник_Питания.Tests.Core.FoodDataServiceTests.SaveAllDataAsync_ShouldCallSaveDataAsync_WhenCalled.
TpTrace Verbose: 0 : 43492, 14, 2024/11/19, 08:40:02.509, 1638102177588, testhost.dll, MulticastDelegateUtilities.SafeInvoke: TestCaseEventsHandler.RaiseTestCaseStart: Invoking callback 1/1 for Microsoft.VisualStudio.TestPlatform.CrossPlatEngine.DataCollection.ProxyOutOfProcDataCollectionManager., took 2 ms.
TpTrace Verbose: 0 : 43492, 14, 2024/11/19, 08:40:02.509, 1638102182417, testhost.dll, TestExecutionRecorder.RecordEnd: test: Дневник_Питания.Tests.Core.FoodDataServiceTests.SaveAllDataAsync_ShouldCallSaveDataAsync_WhenCalled execution completed.
TpTrace Verbose: 0 : 43492, 14, 2024/11/19, 08:40:02.511, 1638102200633, testhost.dll, MulticastDelegateUtilities.SafeInvoke: TestCaseEventsHandler.RaiseTestCaseEnd: Invoking callback 1/1 for Microsoft.VisualStudio.TestPlatform.CrossPlatEngine.DataCollection.ProxyOutOfProcDataCollectionManager., took 1 ms.
TpTrace Verbose: 0 : 43492, 14, 2024/11/19, 08:40:02.511, 1638102201505, testhost.dll, TestExecutionRecorder.RecordResult: Received result for test: Дневник_Питания.Tests.Core.FoodDataServiceTests.SaveAllDataAsync_ShouldCallSaveDataAsync_WhenCalled.
TpTrace Verbose: 0 : 43492, 14, 2024/11/19, 08:40:02.512, 1638102203552, testhost.dll, MulticastDelegateUtilities.SafeInvoke: TestCaseEventsHandler.RaiseTestCaseEnd: Invoking callback 1/1 for Microsoft.VisualStudio.TestPlatform.CrossPlatEngine.DataCollection.ProxyOutOfProcDataCollectionManager., took 0 ms.
TpTrace Warning: 0 : 43492, 14, 2024/11/19, 08:40:02.512, 1638102205969, testhost.dll, TestRunCache: InProgressTests is null
TpTrace Warning: 0 : 43492, 14, 2024/11/19, 08:40:02.512, 1638102206419, testhost.dll, TestRunCache: No test found corresponding to testResult 'SaveAllDataAsync_ShouldCallSaveDataAsync_WhenCalled' in inProgress list.
TpTrace Verbose: 0 : 43492, 14, 2024/11/19, 08:40:02.513, 1638102214069, testhost.dll, TestExecutionRecorder.RecordStart: Starting test: Дневник_Питания.Tests.Core.FoodManagementServiceTests.AddFoodAsync_ShouldCallSaveFoodAsync_WhenInputIsValid.
TpTrace Verbose: 0 : 43492, 14, 2024/11/19, 08:40:02.514, 1638102229869, testhost.dll, MulticastDelegateUtilities.SafeInvoke: TestCaseEventsHandler.RaiseTestCaseStart: Invoking callback 1/1 for Microsoft.VisualStudio.TestPlatform.CrossPlatEngine.DataCollection.ProxyOutOfProcDataCollectionManager., took 1 ms.
TpTrace Verbose: 0 : 43492, 14, 2024/11/19, 08:40:02.514, 1638102232603, testhost.dll, TestExecutionRecorder.RecordEnd: test: Дневник_Питания.Tests.Core.FoodManagementServiceTests.AddFoodAsync_ShouldCallSaveFoodAsync_WhenInputIsValid execution completed.
TpTrace Verbose: 0 : 43492, 14, 2024/11/19, 08:40:02.516, 1638102244518, testhost.dll, MulticastDelegateUtilities.SafeInvoke: TestCaseEventsHandler.RaiseTestCaseEnd: Invoking callback 1/1 for Microsoft.VisualStudio.TestPlatform.CrossPlatEngine.DataCollection.ProxyOutOfProcDataCollectionManager., took 1 ms.
TpTrace Verbose: 0 : 43492, 14, 2024/11/19, 08:40:02.516, 1638102245066, testhost.dll, TestExecutionRecorder.RecordResult: Received result for test: Дневник_Питания.Tests.Core.FoodManagementServiceTests.AddFoodAsync_ShouldCallSaveFoodAsync_WhenInputIsValid.
TpTrace Verbose: 0 : 43492, 14, 2024/11/19, 08:40:02.516, 1638102245429, testhost.dll, MulticastDelegateUtilities.SafeInvoke: TestCaseEventsHandler.RaiseTestCaseEnd: Invoking callback 1/1 for Microsoft.VisualStudio.TestPlatform.CrossPlatEngine.DataCollection.ProxyOutOfProcDataCollectionManager., took 0 ms.
TpTrace Warning: 0 : 43492, 14, 2024/11/19, 08:40:02.516, 1638102245711, testhost.dll, TestRunCache: InProgressTests is null
TpTrace Warning: 0 : 43492, 14, 2024/11/19, 08:40:02.516, 1638102245910, testhost.dll, TestRunCache: No test found corresponding to testResult 'AddFoodAsync_ShouldCallSaveFoodAsync_WhenInputIsValid' in inProgress list.
TpTrace Verbose: 0 : 43492, 14, 2024/11/19, 08:40:02.516, 1638102246996, testhost.dll, TestExecutionRecorder.RecordStart: Starting test: Дневник_Питания.Tests.Core.FoodManagementServiceTests.AddFoodAsync_ShouldRetryOnEmptyName.
TpTrace Verbose: 0 : 43492, 14, 2024/11/19, 08:40:02.517, 1638102258739, testhost.dll, MulticastDelegateUtilities.SafeInvoke: TestCaseEventsHandler.RaiseTestCaseStart: Invoking callback 1/1 for Microsoft.VisualStudio.TestPlatform.CrossPlatEngine.DataCollection.ProxyOutOfProcDataCollectionManager., took 1 ms.
TpTrace Verbose: 0 : 43492, 14, 2024/11/19, 08:40:02.517, 1638102261945, testhost.dll, TestExecutionRecorder.RecordEnd: test: Дневник_Питания.Tests.Core.FoodManagementServiceTests.AddFoodAsync_ShouldRetryOnEmptyName execution completed.
TpTrace Verbose: 0 : 43492, 14, 2024/11/19, 08:40:02.519, 1638102279209, testhost.dll, MulticastDelegateUtilities.SafeInvoke: TestCaseEventsHandler.RaiseTestCaseEnd: Invoking callback 1/1 for Microsoft.VisualStudio.TestPlatform.CrossPlatEngine.DataCollection.ProxyOutOfProcDataCollectionManager., took 1 ms.
TpTrace Verbose: 0 : 43492, 14, 2024/11/19, 08:40:02.519, 1638102280287, testhost.dll, TestExecutionRecorder.RecordResult: Received result for test: Дневник_Питания.Tests.Core.FoodManagementServiceTests.AddFoodAsync_ShouldRetryOnEmptyName.
TpTrace Verbose: 0 : 43492, 14, 2024/11/19, 08:40:02.519, 1638102280723, testhost.dll, MulticastDelegateUtilities.SafeInvoke: TestCaseEventsHandler.RaiseTestCaseEnd: Invoking callback 1/1 for Microsoft.VisualStudio.TestPlatform.CrossPlatEngine.DataCollection.ProxyOutOfProcDataCollectionManager., took 0 ms.
TpTrace Warning: 0 : 43492, 14, 2024/11/19, 08:40:02.519, 1638102281067, testhost.dll, TestRunCache: InProgressTests is null
TpTrace Warning: 0 : 43492, 14, 2024/11/19, 08:40:02.519, 1638102281262, testhost.dll, TestRunCache: No test found corresponding to testResult 'AddFoodAsync_ShouldRetryOnEmptyName' in inProgress list.
TpTrace Verbose: 0 : 43492, 14, 2024/11/19, 08:40:02.520, 1638102283162, testhost.dll, TestExecutionRecorder.RecordStart: Starting test: Дневник_Питания.Tests.Core.FoodManagementServiceTests.AddFoodAsync_ShouldRetryOnInvalidName.
TpTrace Verbose: 0 : 43492, 14, 2024/11/19, 08:40:02.521, 1638102300008, testhost.dll, MulticastDelegateUtilities.SafeInvoke: TestCaseEventsHandler.RaiseTestCaseStart: Invoking callback 1/1 for Microsoft.VisualStudio.TestPlatform.CrossPlatEngine.DataCollection.ProxyOutOfProcDataCollectionManager., took 1 ms.
TpTrace Verbose: 0 : 43492, 14, 2024/11/19, 08:40:02.522, 1638102303891, testhost.dll, TestExecutionRecorder.RecordEnd: test: Дневник_Питания.Tests.Core.FoodManagementServiceTests.AddFoodAsync_ShouldRetryOnInvalidName execution completed.
TpTrace Verbose: 0 : 43492, 14, 2024/11/19, 08:40:02.523, 1638102317087, testhost.dll, MulticastDelegateUtilities.SafeInvoke: TestCaseEventsHandler.RaiseTestCaseEnd: Invoking callback 1/1 for Microsoft.VisualStudio.TestPlatform.CrossPlatEngine.DataCollection.ProxyOutOfProcDataCollectionManager., took 1 ms.
TpTrace Verbose: 0 : 43492, 14, 2024/11/19, 08:40:02.523, 1638102317961, testhost.dll, TestExecutionRecorder.RecordResult: Received result for test: Дневник_Питания.Tests.Core.FoodManagementServiceTests.AddFoodAsync_ShouldRetryOnInvalidName.
TpTrace Verbose: 0 : 43492, 14, 2024/11/19, 08:40:02.523, 1638102318414, testhost.dll, MulticastDelegateUtilities.SafeInvoke: TestCaseEventsHandler.RaiseTestCaseEnd: Invoking callback 1/1 for Microsoft.VisualStudio.TestPlatform.CrossPlatEngine.DataCollection.ProxyOutOfProcDataCollectionManager., took 0 ms.
TpTrace Warning: 0 : 43492, 14, 2024/11/19, 08:40:02.523, 1638102318809, testhost.dll, TestRunCache: InProgressTests is null
TpTrace Warning: 0 : 43492, 14, 2024/11/19, 08:40:02.523, 1638102319017, testhost.dll, TestRunCache: No test found corresponding to testResult 'AddFoodAsync_ShouldRetryOnInvalidName' in inProgress list.
TpTrace Verbose: 0 : 43492, 14, 2024/11/19, 08:40:02.523, 1638102322035, testhost.dll, TestExecutionRecorder.RecordStart: Starting test: Дневник_Питания.Tests.Core.StatisticsServiceTests.ShowStatisticsAsync_ShouldDisplayCorrectStatistics_ForDayPeriod.
TpTrace Verbose: 0 : 43492, 14, 2024/11/19, 08:40:02.525, 1638102335130, testhost.dll, MulticastDelegateUtilities.SafeInvoke: TestCaseEventsHandler.RaiseTestCaseStart: Invoking callback 1/1 for Microsoft.VisualStudio.TestPlatform.CrossPlatEngine.DataCollection.ProxyOutOfProcDataCollectionManager., took 1 ms.
TpTrace Verbose: 0 : 43492, 14, 2024/11/19, 08:40:02.528, 1638102367087, testhost.dll, TestExecutionRecorder.RecordEnd: test: Дневник_Питания.Tests.Core.StatisticsServiceTests.ShowStatisticsAsync_ShouldDisplayCorrectStatistics_ForDayPeriod execution completed.
TpTrace Verbose: 0 : 43492, 14, 2024/11/19, 08:40:02.530, 1638102383352, testhost.dll, MulticastDelegateUtilities.SafeInvoke: TestCaseEventsHandler.RaiseTestCaseEnd: Invoking callback 1/1 for Microsoft.VisualStudio.TestPlatform.CrossPlatEngine.DataCollection.ProxyOutOfProcDataCollectionManager., took 1 ms.
TpTrace Verbose: 0 : 43492, 14, 2024/11/19, 08:40:02.530, 1638102384304, testhost.dll, TestExecutionRecorder.RecordResult: Received result for test: Дневник_Питания.Tests.Core.StatisticsServiceTests.ShowStatisticsAsync_ShouldDisplayCorrectStatistics_ForDayPeriod.
TpTrace Verbose: 0 : 43492, 14, 2024/11/19, 08:40:02.530, 1638102384683, testhost.dll, MulticastDelegateUtilities.SafeInvoke: TestCaseEventsHandler.RaiseTestCaseEnd: Invoking callback 1/1 for Microsoft.VisualStudio.TestPlatform.CrossPlatEngine.DataCollection.ProxyOutOfProcDataCollectionManager., took 0 ms.
TpTrace Warning: 0 : 43492, 14, 2024/11/19, 08:40:02.530, 1638102384975, testhost.dll, TestRunCache: InProgressTests is null
TpTrace Warning: 0 : 43492, 14, 2024/11/19, 08:40:02.530, 1638102385168, testhost.dll, TestRunCache: No test found corresponding to testResult 'ShowStatisticsAsync_ShouldDisplayCorrectStatistics_ForDayPeriod' in inProgress list.
TpTrace Verbose: 0 : 43492, 14, 2024/11/19, 08:40:02.530, 1638102386699, testhost.dll, TestExecutionRecorder.RecordStart: Starting test: Дневник_Питания.Tests.Core.StatisticsServiceTests.ShowStatisticsAsync_ShouldDisplayStatisticsForMonthPeriod.
TpTrace Verbose: 0 : 43492, 14, 2024/11/19, 08:40:02.531, 1638102399139, testhost.dll, MulticastDelegateUtilities.SafeInvoke: TestCaseEventsHandler.RaiseTestCaseStart: Invoking callback 1/1 for Microsoft.VisualStudio.TestPlatform.CrossPlatEngine.DataCollection.ProxyOutOfProcDataCollectionManager., took 1 ms.
TpTrace Verbose: 0 : 43492, 14, 2024/11/19, 08:40:02.531, 1638102402135, testhost.dll, TestExecutionRecorder.RecordEnd: test: Дневник_Питания.Tests.Core.StatisticsServiceTests.ShowStatisticsAsync_ShouldDisplayStatisticsForMonthPeriod execution completed.
TpTrace Verbose: 0 : 43492, 14, 2024/11/19, 08:40:02.533, 1638102418407, testhost.dll, MulticastDelegateUtilities.SafeInvoke: TestCaseEventsHandler.RaiseTestCaseEnd: Invoking callback 1/1 for Microsoft.VisualStudio.TestPlatform.CrossPlatEngine.DataCollection.ProxyOutOfProcDataCollectionManager., took 1 ms.
TpTrace Verbose: 0 : 43492, 14, 2024/11/19, 08:40:02.533, 1638102419444, testhost.dll, TestExecutionRecorder.RecordResult: Received result for test: Дневник_Питания.Tests.Core.StatisticsServiceTests.ShowStatisticsAsync_ShouldDisplayStatisticsForMonthPeriod.
TpTrace Verbose: 0 : 43492, 14, 2024/11/19, 08:40:02.533, 1638102419953, testhost.dll, MulticastDelegateUtilities.SafeInvoke: TestCaseEventsHandler.RaiseTestCaseEnd: Invoking callback 1/1 for Microsoft.VisualStudio.TestPlatform.CrossPlatEngine.DataCollection.ProxyOutOfProcDataCollectionManager., took 0 ms.
TpTrace Warning: 0 : 43492, 14, 2024/11/19, 08:40:02.533, 1638102420291, testhost.dll, TestRunCache: InProgressTests is null
TpTrace Warning: 0 : 43492, 14, 2024/11/19, 08:40:02.533, 1638102420489, testhost.dll, TestRunCache: No test found corresponding to testResult 'ShowStatisticsAsync_ShouldDisplayStatisticsForMonthPeriod' in inProgress list.
TpTrace Verbose: 0 : 43492, 14, 2024/11/19, 08:40:02.533, 1638102422745, testhost.dll, TestExecutionRecorder.RecordStart: Starting test: Дневник_Питания.Tests.Core.StatisticsServiceTests.ShowStatisticsAsync_ShouldDisplayStatisticsForWeekPeriod.
TpTrace Verbose: 0 : 43492, 14, 2024/11/19, 08:40:02.535, 1638102438508, testhost.dll, MulticastDelegateUtilities.SafeInvoke: TestCaseEventsHandler.RaiseTestCaseStart: Invoking callback 1/1 for Microsoft.VisualStudio.TestPlatform.CrossPlatEngine.DataCollection.ProxyOutOfProcDataCollectionManager., took 1 ms.
TpTrace Verbose: 0 : 43492, 14, 2024/11/19, 08:40:02.535, 1638102441604, testhost.dll, TestExecutionRecorder.RecordEnd: test: Дневник_Питания.Tests.Core.StatisticsServiceTests.ShowStatisticsAsync_ShouldDisplayStatisticsForWeekPeriod execution completed.
TpTrace Verbose: 0 : 43492, 14, 2024/11/19, 08:40:02.537, 1638102453046, testhost.dll, MulticastDelegateUtilities.SafeInvoke: TestCaseEventsHandler.RaiseTestCaseEnd: Invoking callback 1/1 for Microsoft.VisualStudio.TestPlatform.CrossPlatEngine.DataCollection.ProxyOutOfProcDataCollectionManager., took 1 ms.
TpTrace Verbose: 0 : 43492, 14, 2024/11/19, 08:40:02.537, 1638102453797, testhost.dll, TestExecutionRecorder.RecordResult: Received result for test: Дневник_Питания.Tests.Core.StatisticsServiceTests.ShowStatisticsAsync_ShouldDisplayStatisticsForWeekPeriod.
TpTrace Verbose: 0 : 43492, 14, 2024/11/19, 08:40:02.537, 1638102454298, testhost.dll, MulticastDelegateUtilities.SafeInvoke: TestCaseEventsHandler.RaiseTestCaseEnd: Invoking callback 1/1 for Microsoft.VisualStudio.TestPlatform.CrossPlatEngine.DataCollection.ProxyOutOfProcDataCollectionManager., took 0 ms.
TpTrace Warning: 0 : 43492, 14, 2024/11/19, 08:40:02.537, 1638102454587, testhost.dll, TestRunCache: InProgressTests is null
TpTrace Warning: 0 : 43492, 14, 2024/11/19, 08:40:02.537, 1638102454777, testhost.dll, TestRunCache: No test found corresponding to testResult 'ShowStatisticsAsync_ShouldDisplayStatisticsForWeekPeriod' in inProgress list.
TpTrace Verbose: 0 : 43492, 14, 2024/11/19, 08:40:02.537, 1638102456168, testhost.dll, TestExecutionRecorder.RecordStart: Starting test: Дневник_Питания.Tests.Core.StatisticsServiceTests.ShowStatisticsAsync_ShouldHandleEmptyFoodData.
TpTrace Verbose: 0 : 43492, 14, 2024/11/19, 08:40:02.538, 1638102467238, testhost.dll, MulticastDelegateUtilities.SafeInvoke: TestCaseEventsHandler.RaiseTestCaseStart: Invoking callback 1/1 for Microsoft.VisualStudio.TestPlatform.CrossPlatEngine.DataCollection.ProxyOutOfProcDataCollectionManager., took 1 ms.
TpTrace Verbose: 0 : 43492, 14, 2024/11/19, 08:40:02.538, 1638102470247, testhost.dll, TestExecutionRecorder.RecordEnd: test: Дневник_Питания.Tests.Core.StatisticsServiceTests.ShowStatisticsAsync_ShouldHandleEmptyFoodData execution completed.
TpTrace Verbose: 0 : 43492, 14, 2024/11/19, 08:40:02.540, 1638102483104, testhost.dll, MulticastDelegateUtilities.SafeInvoke: TestCaseEventsHandler.RaiseTestCaseEnd: Invoking callback 1/1 for Microsoft.VisualStudio.TestPlatform.CrossPlatEngine.DataCollection.ProxyOutOfProcDataCollectionManager., took 1 ms.
TpTrace Verbose: 0 : 43492, 14, 2024/11/19, 08:40:02.540, 1638102483941, testhost.dll, TestExecutionRecorder.RecordResult: Received result for test: Дневник_Питания.Tests.Core.StatisticsServiceTests.ShowStatisticsAsync_ShouldHandleEmptyFoodData.
TpTrace Verbose: 0 : 43492, 14, 2024/11/19, 08:40:02.540, 1638102484487, testhost.dll, MulticastDelegateUtilities.SafeInvoke: TestCaseEventsHandler.RaiseTestCaseEnd: Invoking callback 1/1 for Microsoft.VisualStudio.TestPlatform.CrossPlatEngine.DataCollection.ProxyOutOfProcDataCollectionManager., took 0 ms.
TpTrace Warning: 0 : 43492, 14, 2024/11/19, 08:40:02.540, 1638102484932, testhost.dll, TestRunCache: InProgressTests is null
TpTrace Warning: 0 : 43492, 14, 2024/11/19, 08:40:02.540, 1638102485136, testhost.dll, TestRunCache: No test found corresponding to testResult 'ShowStatisticsAsync_ShouldHandleEmptyFoodData' in inProgress list.
TpTrace Verbose: 0 : 43492, 14, 2024/11/19, 08:40:02.540, 1638102488588, testhost.dll, TestExecutionRecorder.RecordStart: Starting test: Дневник_Питания.Tests.Core.UserInputManagerTests.GetActivityLevelAsync_ShouldPromptAgain_WhenInputIsInvalid.
TpTrace Information: 0 : 43492, 14, 2024/11/19, 08:40:02.542, 1638102503402, testhost.dll, Sending test run statistics
TpTrace Verbose: 0 : 43492, 14, 2024/11/19, 08:40:02.562, 1638102705347, testhost.dll, TestRequestHandler.SendData: sending data from testhost: {"Version":7,"MessageType":"TestExecution.StatsChange","Payload":{"NewTestResults":[{"TestCase":{"Id":"04f382e7-d68e-ac66-3846-96fbb9e05264","FullyQualifiedName":"Дневник_Питания.Tests.Core.FoodDataServiceTests.LoadUserAsync_ShouldReturnUser_WhenDataExists","DisplayName":"LoadUserAsync_ShouldReturnUser_WhenDataExists","ExecutorUri":"executor://NUnit3TestExecutor","Source":"C:\\Users\\79217\\Source\\Repos\\Food_Diary\\bin\\Debug\\net8.0\\fine-code-coverage\\build-output\\Дневник Питания.dll","CodeFilePath":null,"LineNumber":0,"Properties":[{"Key":{"Id":"NUnit.Seed","Label":"Seed","Category":"","Description":"","Attributes":0,"ValueType":"System.String"},"Value":"158492700"}]},"Attachments":[],"Outcome":1,"ErrorMessage":null,"ErrorStackTrace":null,"DisplayName":"LoadUserAsync_ShouldReturnUser_WhenDataExists","Messages":[],"ComputerName":"LAPTOP-P07ET2BA","Duration":"00:00:00.0710610","StartTime":"2024-11-19T05:40:02.4032673+00:00","EndTime":"2024-11-19T05:40:02.4742923+00:00","Properties":[{"Key":{"Id":"NUnit.Seed","Label":"Seed","Category":"","Description":"","Attributes":0,"ValueType":"System.String"},"Value":"158492700"}]},{"TestCase":{"Id":"63c5d6b5-96e6-a629-d285-3330339c84ae","FullyQualifiedName":"Дневник_Питания.Tests.Core.FoodDataServiceTests.SaveAllDataAsync_ShouldCallSaveDataAsync_WhenCalled","DisplayName":"SaveAllDataAsync_ShouldCallSaveDataAsync_WhenCalled","ExecutorUri":"executor://NUnit3TestExecutor","Source":"C:\\Users\\79217\\Source\\Repos\\Food_Diary\\bin\\Debug\\net8.0\\fine-code-coverage\\build-output\\Дневник Питания.dll","CodeFilePath":null,"LineNumber":0,"Properties":[{"Key":{"Id":"NUnit.Seed","Label":"Seed","Category":"","Description":"","Attributes":0,"ValueType":"System.String"},"Value":"1313176758"}]},"Attachments":[],"Outcome":1,"ErrorMessage":null,"ErrorStackTrace":null,"DisplayName":"SaveAllDataAsync_ShouldCallSaveDataAsync_WhenCalled","Messages":[],"ComputerName":"LAPTOP-P07ET2BA","Duration":"00:00:00.0161250","StartTime":"2024-11-19T05:40:02.4752754+00:00","EndTime":"2024-11-19T05:40:02.4914011+00:00","Properties":[{"Key":{"Id":"NUnit.Seed","Label":"Seed","Category":"","Description":"","Attributes":0,"ValueType":"System.String"},"Value":"1313176758"}]},{"TestCase":{"Id":"49e7fd09-90b6-0667-da52-660c195d7f4d","FullyQualifiedName":"Дневник_Питания.Tests.Core.FoodManagementServiceTests.AddFoodAsync_ShouldCallSaveFoodAsync_WhenInputIsValid","DisplayName":"AddFoodAsync_ShouldCallSaveFoodAsync_WhenInputIsValid","ExecutorUri":"executor://NUnit3TestExecutor","Source":"C:\\Users\\79217\\Source\\Repos\\Food_Diary\\bin\\Debug\\net8.0\\fine-code-coverage\\build-output\\Дневник Питания.dll","CodeFilePath":null,"LineNumber":0,"Properties":[{"Key":{"Id":"NUnit.Seed","Label":"Seed","Category":"","Description":"","Attributes":0,"ValueType":"System.String"},"Value":"740402113"}]},"Attachments":[],"Outcome":1,"ErrorMessage":null,"ErrorStackTrace":null,"DisplayName":"AddFoodAsync_ShouldCallSaveFoodAsync_WhenInputIsValid","Messages":[],"ComputerName":"LAPTOP-P07ET2BA","Duration":"00:00:00.0167509","StartTime":"2024-11-19T05:40:02.4933176+00:00","EndTime":"2024-11-19T05:40:02.5100685+00:00","Properties":[{"Key":{"Id":"NUnit.Seed","Label":"Seed","Category":"","Description":"","Attributes":0,"ValueType":"System.String"},"Value":"740402113"}]},{"TestCase":{"Id":"b06ba36b-44bc-66e1-0285-9f30400100bd","FullyQualifiedName":"Дневник_Питания.Tests.Core.FoodManagementServiceTests.AddFoodAsync_ShouldRetryOnEmptyName","DisplayName":"AddFoodAsync_ShouldRetryOnEmptyName","ExecutorUri":"executor://NUnit3TestExecutor","Source":"C:\\Users\\79217\\Source\\Repos\\Food_Diary\\bin\\Debug\\net8.0\\fine-code-coverage\\build-output\\Дневник Питания.dll","CodeFilePath":null,"LineNumber":0,"Properties":[{"Key":{"Id":"NUnit.Seed","Label":"Seed","Category":"","Description":"","Attributes":0,"ValueType":"System.String"},"Value":"976651573"}]},"Attachments":[],"Outcome":1,"ErrorMessage":null,"ErrorStackTrace":null,"DisplayName":"AddFoodAsync_ShouldRetryOnEmptyName","Messages":[],"ComputerName":"LAPTOP-P07ET2BA","Duration":"00:00:00.0025360","StartTime":"2024-11-19T05:40:02.5100912+00:00","EndTime":"2024-11-19T05:40:02.5126272+00:00","Properties":[{"Key":{"Id":"NUnit.Seed","Label":"Seed","Category":"","Description":"","Attributes":0,"ValueType":"System.String"},"Value":"976651573"}]},{"TestCase":{"Id":"3d411f1d-4760-3b04-92ca-02d1b49af83c","FullyQualifiedName":"Дневник_Питания.Tests.Core.FoodManagementServiceTests.AddFoodAsync_ShouldRetryOnInvalidName","DisplayName":"AddFoodAsync_ShouldRetryOnInvalidName","ExecutorUri":"executor://NUnit3TestExecutor","Source":"C:\\Users\\79217\\Source\\Repos\\Food_Diary\\bin\\Debug\\net8.0\\fine-code-coverage\\build-output\\Дневник Питания.dll","CodeFilePath":null,"LineNumber":0,"Properties":[{"Key":{"Id":"NUnit.Seed","Label":"Seed","Category":"","Description":"","Attributes":0,"ValueType":"System.String"},"Value":"773674770"}]},"Attachments":[],"Outcome":1,"ErrorMessage":null,"ErrorStackTrace":null,"DisplayName":"AddFoodAsync_ShouldRetryOnInvalidName","Messages":[],"ComputerName":"LAPTOP-P07ET2BA","Duration":"00:00:00.0010570","StartTime":"2024-11-19T05:40:02.5126465+00:00","EndTime":"2024-11-19T05:40:02.5137028+00:00","Properties":[{"Key":{"Id":"NUnit.Seed","Label":"Seed","Category":"","Description":"","Attributes":0,"ValueType":"System.String"},"Value":"773674770"}]},{"TestCase":{"Id":"c903a1d4-9e6b-66de-27f5-bef7f7fcad19","FullyQualifiedName":"Дневник_Питания.Tests.Core.StatisticsServiceTests.ShowStatisticsAsync_ShouldDisplayCorrectStatistics_ForDayPeriod","DisplayName":"ShowStatisticsAsync_ShouldDisplayCorrectStatistics_ForDayPeriod","ExecutorUri":"executor://NUnit3TestExecutor","Source":"C:\\Users\\79217\\Source\\Repos\\Food_Diary\\bin\\Debug\\net8.0\\fine-code-coverage\\build-output\\Дневник Питания.dll","CodeFilePath":null,"LineNumber":0,"Properties":[{"Key":{"Id":"NUnit.Seed","Label":"Seed","Category":"","Description":"","Attributes":0,"ValueType":"System.String"},"Value":"242700446"}]},"Attachments":[],"Outcome":1,"ErrorMessage":null,"ErrorStackTrace":null,"DisplayName":"ShowStatisticsAsync_ShouldDisplayCorrectStatistics_ForDayPeriod","Messages":[],"ComputerName":"LAPTOP-P07ET2BA","Duration":"00:00:00.0142640","StartTime":"2024-11-19T05:40:02.5138804+00:00","EndTime":"2024-11-19T05:40:02.5281441+00:00","Properties":[{"Key":{"Id":"NUnit.Seed","Label":"Seed","Category":"","Description":"","Attributes":0,"ValueType":"System.String"},"Value":"242700446"}]},{"TestCase":{"Id":"7d2ad705-1f70-80b1-3d95-adbd62482c85","FullyQualifiedName":"Дневник_Питания.Tests.Core.StatisticsServiceTests.ShowStatisticsAsync_ShouldDisplayStatisticsForMonthPeriod","DisplayName":"ShowStatisticsAsync_ShouldDisplayStatisticsForMonthPeriod","ExecutorUri":"executor://NUnit3TestExecutor","Source":"C:\\Users\\79217\\Source\\Repos\\Food_Diary\\bin\\Debug\\net8.0\\fine-code-coverage\\build-output\\Дневник Питания.dll","CodeFilePath":null,"LineNumber":0,"Properties":[{"Key":{"Id":"NUnit.Seed","Label":"Seed","Category":"","Description":"","Attributes":0,"ValueType":"System.String"},"Value":"807115945"}]},"Attachments":[],"Outcome":1,"ErrorMessage":null,"ErrorStackTrace":null,"DisplayName":"ShowStatisticsAsync_ShouldDisplayStatisticsForMonthPeriod","Messages":[],"ComputerName":"LAPTOP-P07ET2BA","Duration":"00:00:00.0023690","StartTime":"2024-11-19T05:40:02.5281662+00:00","EndTime":"2024-11-19T05:40:02.5305343+00:00","Properties":[{"Key":{"Id":"NUnit.Seed","Label":"Seed","Category":"","Description":"","Attributes":0,"ValueType":"System.String"},"Value":"807115945"}]},{"TestCase":{"Id":"a6ef418f-10b6-15a1-633f-f5e176b366d0","FullyQualifiedName":"Дневник_Питания.Tests.Core.StatisticsServiceTests.ShowStatisticsAsync_ShouldDisplayStatisticsForWeekPeriod","DisplayName":"ShowStatisticsAsync_ShouldDisplayStatisticsForWeekPeriod","ExecutorUri":"executor://NUnit3TestExecutor","Source":"C:\\Users\\79217\\Source\\Repos\\Food_Diary\\bin\\Debug\\net8.0\\fine-code-coverage\\build-output\\Дневник Питания.dll","CodeFilePath":null,"LineNumber":0,"Properties":[{"Key":{"Id":"NUnit.Seed","Label":"Seed","Category":"","Description":"","Attributes":0,"ValueType":"System.String"},"Value":"1291224980"}]},"Attachments":[],"Outcome":1,"ErrorMessage":null,"ErrorStackTrace":null,"DisplayName":"ShowStatisticsAsync_ShouldDisplayStatisticsForWeekPeriod","Messages":[],"ComputerName":"LAPTOP-P07ET2BA","Duration":"00:00:00.0025079","StartTime":"2024-11-19T05:40:02.530552+00:00","EndTime":"2024-11-19T05:40:02.53306+00:00","Properties":[{"Key":{"Id":"NUnit.Seed","Label":"Seed","Category":"","Description":"","Attributes":0,"ValueType":"System.String"},"Value":"1291224980"}]},{"TestCase":{"Id":"35a9369e-a07c-6e6a-d526-87a642705703","FullyQualifiedName":"Дневник_Питания.Tests.Core.StatisticsServiceTests.ShowStatisticsAsync_ShouldHandleEmptyFoodData","DisplayName":"ShowStatisticsAsync_ShouldHandleEmptyFoodData","ExecutorUri":"executor://NUnit3TestExecutor","Source":"C:\\Users\\79217\\Source\\Repos\\Food_Diary\\bin\\Debug\\net8.0\\fine-code-coverage\\build-output\\Дневник Питания.dll","CodeFilePath":null,"LineNumber":0,"Properties":[{"Key":{"Id":"NUnit.Seed","Label":"Seed","Category":"","Description":"","Attributes":0,"ValueType":"System.String"},"Value":"2022850888"}]},"Attachments":[],"Outcome":1,"ErrorMessage":null,"ErrorStackTrace":null,"DisplayName":"ShowStatisticsAsync_ShouldHandleEmptyFoodData","Messages":[],"ComputerName":"LAPTOP-P07ET2BA","Duration":"00:00:00.0016490","StartTime":"2024-11-19T05:40:02.5330814+00:00","EndTime":"2024-11-19T05:40:02.5347301+00:00","Properties":[{"Key":{"Id":"NUnit.Seed","Label":"Seed","Category":"","Description":"","Attributes":0,"ValueType":"System.String"},"Value":"2022850888"}]}],"TestRunStatistics":{"ExecutedTests":9,"Stats":{"Passed":9}},"ActiveTests":[{"Id":"94146392-827e-7490-9620-638bdb0fc832","FullyQualifiedName":"Дневник_Питания.Tests.Core.UserInputManagerTests.GetActivityLevelAsync_ShouldPromptAgain_WhenInputIsInvalid","DisplayName":"GetActivityLevelAsync_ShouldPromptAgain_WhenInputIsInvalid","ExecutorUri":"executor://NUnit3TestExecutor","Source":"C:\\Users\\79217\\Source\\Repos\\Food_Diary\\bin\\Debug\\net8.0\\fine-code-coverage\\build-output\\Дневник Питания.dll","CodeFilePath":null,"LineNumber":0,"Properties":[{"Key":{"Id":"NUnit.Seed","Label":"Seed","Category":"","Description":"","Attributes":0,"ValueType":"System.String"},"Value":"198253815"}]}]}}
TpTrace Verbose: 0 : 43492, 14, 2024/11/19, 08:40:02.562, 1638102709228, testhost.dll, TestRunCache: OnNewTestResult: Notified the onCacheHit callback.
TpTrace Verbose: 0 : 43492, 14, 2024/11/19, 08:40:02.563, 1638102722835, testhost.dll, MulticastDelegateUtilities.SafeInvoke: TestCaseEventsHandler.RaiseTestCaseStart: Invoking callback 1/1 for Microsoft.VisualStudio.TestPlatform.CrossPlatEngine.DataCollection.ProxyOutOfProcDataCollectionManager., took 1 ms.
TpTrace Verbose: 0 : 43492, 14, 2024/11/19, 08:40:02.570, 1638102787233, testhost.dll, TestExecutionRecorder.RecordEnd: test: Дневник_Питания.Tests.Core.UserInputManagerTests.GetActivityLevelAsync_ShouldPromptAgain_WhenInputIsInvalid execution completed.
TpTrace Warning: 0 : 43492, 14, 2024/11/19, 08:40:02.570, 1638102788666, testhost.dll, TestRunCache: InProgressTests is null
TpTrace Verbose: 0 : 43492, 14, 2024/11/19, 08:40:02.571, 1638102800205, testhost.dll, MulticastDelegateUtilities.SafeInvoke: TestCaseEventsHandler.RaiseTestCaseEnd: Invoking callback 1/1 for Microsoft.VisualStudio.TestPlatform.CrossPlatEngine.DataCollection.ProxyOutOfProcDataCollectionManager., took 1 ms.
TpTrace Verbose: 0 : 43492, 14, 2024/11/19, 08:40:02.571, 1638102801251, testhost.dll, TestExecutionRecorder.RecordResult: Received result for test: Дневник_Питания.Tests.Core.UserInputManagerTests.GetActivityLevelAsync_ShouldPromptAgain_WhenInputIsInvalid.
TpTrace Verbose: 0 : 43492, 14, 2024/11/19, 08:40:02.571, 1638102801641, testhost.dll, MulticastDelegateUtilities.SafeInvoke: TestCaseEventsHandler.RaiseTestCaseEnd: Invoking callback 1/1 for Microsoft.VisualStudio.TestPlatform.CrossPlatEngine.DataCollection.ProxyOutOfProcDataCollectionManager., took 0 ms.
TpTrace Warning: 0 : 43492, 14, 2024/11/19, 08:40:02.571, 1638102801940, testhost.dll, TestRunCache: InProgressTests is null
TpTrace Warning: 0 : 43492, 14, 2024/11/19, 08:40:02.571, 1638102802131, testhost.dll, TestRunCache: No test found corresponding to testResult 'GetActivityLevelAsync_ShouldPromptAgain_WhenInputIsInvalid' in inProgress list.
TpTrace Verbose: 0 : 43492, 14, 2024/11/19, 08:40:02.572, 1638102803329, testhost.dll, TestExecutionRecorder.RecordStart: Starting test: Дневник_Питания.Tests.Core.UserInputManagerTests.GetActivityLevelAsync_ShouldReturnValidChoice_WhenInputIsValid.
TpTrace Verbose: 0 : 43492, 14, 2024/11/19, 08:40:02.572, 1638102811753, testhost.dll, MulticastDelegateUtilities.SafeInvoke: TestCaseEventsHandler.RaiseTestCaseStart: Invoking callback 1/1 for Microsoft.VisualStudio.TestPlatform.CrossPlatEngine.DataCollection.ProxyOutOfProcDataCollectionManager., took 0 ms.
TpTrace Verbose: 0 : 43492, 14, 2024/11/19, 08:40:02.573, 1638102814774, testhost.dll, TestExecutionRecorder.RecordEnd: test: Дневник_Питания.Tests.Core.UserInputManagerTests.GetActivityLevelAsync_ShouldReturnValidChoice_WhenInputIsValid execution completed.
TpTrace Verbose: 0 : 43492, 14, 2024/11/19, 08:40:02.574, 1638102824210, testhost.dll, MulticastDelegateUtilities.SafeInvoke: TestCaseEventsHandler.RaiseTestCaseEnd: Invoking callback 1/1 for Microsoft.VisualStudio.TestPlatform.CrossPlatEngine.DataCollection.ProxyOutOfProcDataCollectionManager., took 0 ms.
TpTrace Verbose: 0 : 43492, 14, 2024/11/19, 08:40:02.574, 1638102825359, testhost.dll, TestExecutionRecorder.RecordResult: Received result for test: Дневник_Питания.Tests.Core.UserInputManagerTests.GetActivityLevelAsync_ShouldReturnValidChoice_WhenInputIsValid.
TpTrace Verbose: 0 : 43492, 14, 2024/11/19, 08:40:02.574, 1638102825770, testhost.dll, MulticastDelegateUtilities.SafeInvoke: TestCaseEventsHandler.RaiseTestCaseEnd: Invoking callback 1/1 for Microsoft.VisualStudio.TestPlatform.CrossPlatEngine.DataCollection.ProxyOutOfProcDataCollectionManager., took 0 ms.
TpTrace Warning: 0 : 43492, 14, 2024/11/19, 08:40:02.574, 1638102826103, testhost.dll, TestRunCache: InProgressTests is null
TpTrace Warning: 0 : 43492, 14, 2024/11/19, 08:40:02.574, 1638102826298, testhost.dll, TestRunCache: No test found corresponding to testResult 'GetActivityLevelAsync_ShouldReturnValidChoice_WhenInputIsValid' in inProgress list.
TpTrace Verbose: 0 : 43492, 14, 2024/11/19, 08:40:02.574, 1638102827655, testhost.dll, TestExecutionRecorder.RecordStart: Starting test: Дневник_Питания.Tests.Core.UserInputManagerTests.GetGenderAsync_ShouldPromptAgain_WhenInputIsInvalid.
TpTrace Verbose: 0 : 43492, 14, 2024/11/19, 08:40:02.575, 1638102840406, testhost.dll, MulticastDelegateUtilities.SafeInvoke: TestCaseEventsHandler.RaiseTestCaseStart: Invoking callback 1/1 for Microsoft.VisualStudio.TestPlatform.CrossPlatEngine.DataCollection.ProxyOutOfProcDataCollectionManager., took 1 ms.
TpTrace Verbose: 0 : 43492, 14, 2024/11/19, 08:40:02.576, 1638102844639, testhost.dll, TestExecutionRecorder.RecordEnd: test: Дневник_Питания.Tests.Core.UserInputManagerTests.GetGenderAsync_ShouldPromptAgain_WhenInputIsInvalid execution completed.
TpTrace Verbose: 0 : 43492, 14, 2024/11/19, 08:40:02.577, 1638102861761, testhost.dll, MulticastDelegateUtilities.SafeInvoke: TestCaseEventsHandler.RaiseTestCaseEnd: Invoking callback 1/1 for Microsoft.VisualStudio.TestPlatform.CrossPlatEngine.DataCollection.ProxyOutOfProcDataCollectionManager., took 1 ms.
TpTrace Verbose: 0 : 43492, 14, 2024/11/19, 08:40:02.578, 1638102863225, testhost.dll, TestExecutionRecorder.RecordResult: Received result for test: Дневник_Питания.Tests.Core.UserInputManagerTests.GetGenderAsync_ShouldPromptAgain_WhenInputIsInvalid.
TpTrace Verbose: 0 : 43492, 14, 2024/11/19, 08:40:02.578, 1638102863779, testhost.dll, MulticastDelegateUtilities.SafeInvoke: TestCaseEventsHandler.RaiseTestCaseEnd: Invoking callback 1/1 for Microsoft.VisualStudio.TestPlatform.CrossPlatEngine.DataCollection.ProxyOutOfProcDataCollectionManager., took 0 ms.
TpTrace Warning: 0 : 43492, 14, 2024/11/19, 08:40:02.578, 1638102864200, testhost.dll, TestRunCache: InProgressTests is null
TpTrace Warning: 0 : 43492, 14, 2024/11/19, 08:40:02.578, 1638102864465, testhost.dll, TestRunCache: No test found corresponding to testResult 'GetGenderAsync_ShouldPromptAgain_WhenInputIsInvalid' in inProgress list.
TpTrace Verbose: 0 : 43492, 14, 2024/11/19, 08:40:02.578, 1638102866278, testhost.dll, TestExecutionRecorder.RecordStart: Starting test: Дневник_Питания.Tests.Core.UserInputManagerTests.GetGenderAsync_ShouldReturnMale_WhenInputIsMale.
TpTrace Verbose: 0 : 43492, 14, 2024/11/19, 08:40:02.580, 1638102884611, testhost.dll, MulticastDelegateUtilities.SafeInvoke: TestCaseEventsHandler.RaiseTestCaseStart: Invoking callback 1/1 for Microsoft.VisualStudio.TestPlatform.CrossPlatEngine.DataCollection.ProxyOutOfProcDataCollectionManager., took 1 ms.
TpTrace Verbose: 0 : 43492, 14, 2024/11/19, 08:40:02.580, 1638102887392, testhost.dll, TestExecutionRecorder.RecordEnd: test: Дневник_Питания.Tests.Core.UserInputManagerTests.GetGenderAsync_ShouldReturnMale_WhenInputIsMale execution completed.
TpTrace Verbose: 0 : 43492, 14, 2024/11/19, 08:40:02.581, 1638102901475, testhost.dll, MulticastDelegateUtilities.SafeInvoke: TestCaseEventsHandler.RaiseTestCaseEnd: Invoking callback 1/1 for Microsoft.VisualStudio.TestPlatform.CrossPlatEngine.DataCollection.ProxyOutOfProcDataCollectionManager., took 1 ms.
TpTrace Verbose: 0 : 43492, 14, 2024/11/19, 08:40:02.581, 1638102902506, testhost.dll, TestExecutionRecorder.RecordResult: Received result for test: Дневник_Питания.Tests.Core.UserInputManagerTests.GetGenderAsync_ShouldReturnMale_WhenInputIsMale.
TpTrace Verbose: 0 : 43492, 14, 2024/11/19, 08:40:02.582, 1638102903253, testhost.dll, MulticastDelegateUtilities.SafeInvoke: TestCaseEventsHandler.RaiseTestCaseEnd: Invoking callback 1/1 for Microsoft.VisualStudio.TestPlatform.CrossPlatEngine.DataCollection.ProxyOutOfProcDataCollectionManager., took 0 ms.
TpTrace Warning: 0 : 43492, 14, 2024/11/19, 08:40:02.582, 1638102903822, testhost.dll, TestRunCache: InProgressTests is null
TpTrace Warning: 0 : 43492, 14, 2024/11/19, 08:40:02.582, 1638102904164, testhost.dll, TestRunCache: No test found corresponding to testResult 'GetGenderAsync_ShouldReturnMale_WhenInputIsMale' in inProgress list.
TpTrace Verbose: 0 : 43492, 14, 2024/11/19, 08:40:02.582, 1638102905417, testhost.dll, TestExecutionRecorder.RecordStart: Starting test: Дневник_Питания.Tests.Core.UserInputManagerTests.GetMealTimeAsync_ShouldPromptAgain_WhenInputIsInvalid.
TpTrace Verbose: 0 : 43492, 14, 2024/11/19, 08:40:02.583, 1638102917643, testhost.dll, MulticastDelegateUtilities.SafeInvoke: TestCaseEventsHandler.RaiseTestCaseStart: Invoking callback 1/1 for Microsoft.VisualStudio.TestPlatform.CrossPlatEngine.DataCollection.ProxyOutOfProcDataCollectionManager., took 1 ms.
TpTrace Verbose: 0 : 43492, 14, 2024/11/19, 08:40:02.583, 1638102920481, testhost.dll, TestExecutionRecorder.RecordEnd: test: Дневник_Питания.Tests.Core.UserInputManagerTests.GetMealTimeAsync_ShouldPromptAgain_WhenInputIsInvalid execution completed.
TpTrace Verbose: 0 : 43492, 14, 2024/11/19, 08:40:02.585, 1638102937090, testhost.dll, MulticastDelegateUtilities.SafeInvoke: TestCaseEventsHandler.RaiseTestCaseEnd: Invoking callback 1/1 for Microsoft.VisualStudio.TestPlatform.CrossPlatEngine.DataCollection.ProxyOutOfProcDataCollectionManager., took 1 ms.
TpTrace Verbose: 0 : 43492, 14, 2024/11/19, 08:40:02.585, 1638102938054, testhost.dll, TestExecutionRecorder.RecordResult: Received result for test: Дневник_Питания.Tests.Core.UserInputManagerTests.GetMealTimeAsync_ShouldPromptAgain_WhenInputIsInvalid.
TpTrace Verbose: 0 : 43492, 14, 2024/11/19, 08:40:02.585, 1638102938524, testhost.dll, MulticastDelegateUtilities.SafeInvoke: TestCaseEventsHandler.RaiseTestCaseEnd: Invoking callback 1/1 for Microsoft.VisualStudio.TestPlatform.CrossPlatEngine.DataCollection.ProxyOutOfProcDataCollectionManager., took 0 ms.
TpTrace Warning: 0 : 43492, 14, 2024/11/19, 08:40:02.585, 1638102938862, testhost.dll, TestRunCache: InProgressTests is null
TpTrace Warning: 0 : 43492, 14, 2024/11/19, 08:40:02.585, 1638102939087, testhost.dll, TestRunCache: No test found corresponding to testResult 'GetMealTimeAsync_ShouldPromptAgain_WhenInputIsInvalid' in inProgress list.
TpTrace Verbose: 0 : 43492, 14, 2024/11/19, 08:40:02.585, 1638102940380, testhost.dll, TestExecutionRecorder.RecordStart: Starting test: Дневник_Питания.Tests.Core.UserInputManagerTests.GetMealTimeAsync_ShouldReturnBreakfast_WhenInputIsBreakfast.
TpTrace Verbose: 0 : 43492, 14, 2024/11/19, 08:40:02.586, 1638102950226, testhost.dll, MulticastDelegateUtilities.SafeInvoke: TestCaseEventsHandler.RaiseTestCaseStart: Invoking callback 1/1 for Microsoft.VisualStudio.TestPlatform.CrossPlatEngine.DataCollection.ProxyOutOfProcDataCollectionManager., took 0 ms.
TpTrace Verbose: 0 : 43492, 14, 2024/11/19, 08:40:02.586, 1638102952689, testhost.dll, TestExecutionRecorder.RecordEnd: test: Дневник_Питания.Tests.Core.UserInputManagerTests.GetMealTimeAsync_ShouldReturnBreakfast_WhenInputIsBreakfast execution completed.
TpTrace Verbose: 0 : 43492, 14, 2024/11/19, 08:40:02.588, 1638102964828, testhost.dll, MulticastDelegateUtilities.SafeInvoke: TestCaseEventsHandler.RaiseTestCaseEnd: Invoking callback 1/1 for Microsoft.VisualStudio.TestPlatform.CrossPlatEngine.DataCollection.ProxyOutOfProcDataCollectionManager., took 1 ms.
TpTrace Verbose: 0 : 43492, 14, 2024/11/19, 08:40:02.588, 1638102965645, testhost.dll, TestExecutionRecorder.RecordResult: Received result for test: Дневник_Питания.Tests.Core.UserInputManagerTests.GetMealTimeAsync_ShouldReturnBreakfast_WhenInputIsBreakfast.
TpTrace Verbose: 0 : 43492, 14, 2024/11/19, 08:40:02.588, 1638102966046, testhost.dll, MulticastDelegateUtilities.SafeInvoke: TestCaseEventsHandler.RaiseTestCaseEnd: Invoking callback 1/1 for Microsoft.VisualStudio.TestPlatform.CrossPlatEngine.DataCollection.ProxyOutOfProcDataCollectionManager., took 0 ms.
TpTrace Warning: 0 : 43492, 14, 2024/11/19, 08:40:02.588, 1638102966332, testhost.dll, TestRunCache: InProgressTests is null
TpTrace Warning: 0 : 43492, 14, 2024/11/19, 08:40:02.588, 1638102966525, testhost.dll, TestRunCache: No test found corresponding to testResult 'GetMealTimeAsync_ShouldReturnBreakfast_WhenInputIsBreakfast' in inProgress list.
TpTrace Verbose: 0 : 43492, 14, 2024/11/19, 08:40:02.588, 1638102967758, testhost.dll, TestExecutionRecorder.RecordStart: Starting test: Дневник_Питания.Tests.Core.UserInputManagerTests.GetMealTimeAsync_ShouldReturnLunch_WhenInputIsLunch.
TpTrace Verbose: 0 : 43492, 14, 2024/11/19, 08:40:02.589, 1638102978891, testhost.dll, MulticastDelegateUtilities.SafeInvoke: TestCaseEventsHandler.RaiseTestCaseStart: Invoking callback 1/1 for Microsoft.VisualStudio.TestPlatform.CrossPlatEngine.DataCollection.ProxyOutOfProcDataCollectionManager., took 1 ms.
TpTrace Verbose: 0 : 43492, 14, 2024/11/19, 08:40:02.589, 1638102981521, testhost.dll, TestExecutionRecorder.RecordEnd: test: Дневник_Питания.Tests.Core.UserInputManagerTests.GetMealTimeAsync_ShouldReturnLunch_WhenInputIsLunch execution completed.
TpTrace Verbose: 0 : 43492, 14, 2024/11/19, 08:40:02.590, 1638102992361, testhost.dll, MulticastDelegateUtilities.SafeInvoke: TestCaseEventsHandler.RaiseTestCaseEnd: Invoking callback 1/1 for Microsoft.VisualStudio.TestPlatform.CrossPlatEngine.DataCollection.ProxyOutOfProcDataCollectionManager., took 1 ms.
TpTrace Verbose: 0 : 43492, 14, 2024/11/19, 08:40:02.591, 1638102993168, testhost.dll, TestExecutionRecorder.RecordResult: Received result for test: Дневник_Питания.Tests.Core.UserInputManagerTests.GetMealTimeAsync_ShouldReturnLunch_WhenInputIsLunch.
TpTrace Verbose: 0 : 43492, 14, 2024/11/19, 08:40:02.591, 1638102993528, testhost.dll, MulticastDelegateUtilities.SafeInvoke: TestCaseEventsHandler.RaiseTestCaseEnd: Invoking callback 1/1 for Microsoft.VisualStudio.TestPlatform.CrossPlatEngine.DataCollection.ProxyOutOfProcDataCollectionManager., took 0 ms.
TpTrace Warning: 0 : 43492, 14, 2024/11/19, 08:40:02.591, 1638102993803, testhost.dll, TestRunCache: InProgressTests is null
TpTrace Warning: 0 : 43492, 14, 2024/11/19, 08:40:02.591, 1638102993988, testhost.dll, TestRunCache: No test found corresponding to testResult 'GetMealTimeAsync_ShouldReturnLunch_WhenInputIsLunch' in inProgress list.
TpTrace Verbose: 0 : 43492, 14, 2024/11/19, 08:40:02.591, 1638102995181, testhost.dll, TestExecutionRecorder.RecordStart: Starting test: Дневник_Питания.Tests.Core.UserInputManagerTests.GetPositiveIntegerAsync_ShouldPromptAgain_WhenInputIsInvalid.
TpTrace Verbose: 0 : 43492, 14, 2024/11/19, 08:40:02.592, 1638103004787, testhost.dll, MulticastDelegateUtilities.SafeInvoke: TestCaseEventsHandler.RaiseTestCaseStart: Invoking callback 1/1 for Microsoft.VisualStudio.TestPlatform.CrossPlatEngine.DataCollection.ProxyOutOfProcDataCollectionManager., took 0 ms.
TpTrace Verbose: 0 : 43492, 14, 2024/11/19, 08:40:02.592, 1638103007200, testhost.dll, TestExecutionRecorder.RecordEnd: test: Дневник_Питания.Tests.Core.UserInputManagerTests.GetPositiveIntegerAsync_ShouldPromptAgain_WhenInputIsInvalid execution completed.
TpTrace Verbose: 0 : 43492, 14, 2024/11/19, 08:40:02.593, 1638103020037, testhost.dll, MulticastDelegateUtilities.SafeInvoke: TestCaseEventsHandler.RaiseTestCaseEnd: Invoking callback 1/1 for Microsoft.VisualStudio.TestPlatform.CrossPlatEngine.DataCollection.ProxyOutOfProcDataCollectionManager., took 1 ms.
TpTrace Verbose: 0 : 43492, 14, 2024/11/19, 08:40:02.593, 1638103020597, testhost.dll, TestExecutionRecorder.RecordResult: Received result for test: Дневник_Питания.Tests.Core.UserInputManagerTests.GetPositiveIntegerAsync_ShouldPromptAgain_WhenInputIsInvalid.
TpTrace Verbose: 0 : 43492, 14, 2024/11/19, 08:40:02.593, 1638103020902, testhost.dll, MulticastDelegateUtilities.SafeInvoke: TestCaseEventsHandler.RaiseTestCaseEnd: Invoking callback 1/1 for Microsoft.VisualStudio.TestPlatform.CrossPlatEngine.DataCollection.ProxyOutOfProcDataCollectionManager., took 0 ms.
TpTrace Warning: 0 : 43492, 14, 2024/11/19, 08:40:02.593, 1638103021183, testhost.dll, TestRunCache: InProgressTests is null
TpTrace Warning: 0 : 43492, 14, 2024/11/19, 08:40:02.593, 1638103021563, testhost.dll, TestRunCache: No test found corresponding to testResult 'GetPositiveIntegerAsync_ShouldPromptAgain_WhenInputIsInvalid' in inProgress list.
TpTrace Verbose: 0 : 43492, 14, 2024/11/19, 08:40:02.593, 1638103022711, testhost.dll, TestExecutionRecorder.RecordStart: Starting test: Дневник_Питания.Tests.Core.UserInputManagerTests.GetPositiveIntegerAsync_ShouldReturnPositiveInteger_WhenInputIsValid.
TpTrace Verbose: 0 : 43492, 14, 2024/11/19, 08:40:02.595, 1638103033499, testhost.dll, MulticastDelegateUtilities.SafeInvoke: TestCaseEventsHandler.RaiseTestCaseStart: Invoking callback 1/1 for Microsoft.VisualStudio.TestPlatform.CrossPlatEngine.DataCollection.ProxyOutOfProcDataCollectionManager., took 0 ms.
TpTrace Verbose: 0 : 43492, 14, 2024/11/19, 08:40:02.595, 1638103035944, testhost.dll, TestExecutionRecorder.RecordEnd: test: Дневник_Питания.Tests.Core.UserInputManagerTests.GetPositiveIntegerAsync_ShouldReturnPositiveInteger_WhenInputIsValid execution completed.
TpTrace Verbose: 0 : 43492, 14, 2024/11/19, 08:40:02.596, 1638103047593, testhost.dll, MulticastDelegateUtilities.SafeInvoke: TestCaseEventsHandler.RaiseTestCaseEnd: Invoking callback 1/1 for Microsoft.VisualStudio.TestPlatform.CrossPlatEngine.DataCollection.ProxyOutOfProcDataCollectionManager., took 1 ms.
TpTrace Verbose: 0 : 43492, 14, 2024/11/19, 08:40:02.596, 1638103048330, testhost.dll, TestExecutionRecorder.RecordResult: Received result for test: Дневник_Питания.Tests.Core.UserInputManagerTests.GetPositiveIntegerAsync_ShouldReturnPositiveInteger_WhenInputIsValid.
TpTrace Verbose: 0 : 43492, 14, 2024/11/19, 08:40:02.596, 1638103048685, testhost.dll, MulticastDelegateUtilities.SafeInvoke: TestCaseEventsHandler.RaiseTestCaseEnd: Invoking callback 1/1 for Microsoft.VisualStudio.TestPlatform.CrossPlatEngine.DataCollection.ProxyOutOfProcDataCollectionManager., took 0 ms.
TpTrace Warning: 0 : 43492, 14, 2024/11/19, 08:40:02.596, 1638103048967, testhost.dll, TestRunCache: InProgressTests is null
TpTrace Warning: 0 : 43492, 14, 2024/11/19, 08:40:02.596, 1638103049156, testhost.dll, TestRunCache: No test found corresponding to testResult 'GetPositiveIntegerAsync_ShouldReturnPositiveInteger_WhenInputIsValid' in inProgress list.
TpTrace Information: 0 : 43492, 4, 2024/11/19, 08:40:02.601, 1638103095543, testhost.dll, NUnit Adapter 4.6.0.0: Test execution complete
TpTrace Verbose: 0 : 43492, 4, 2024/11/19, 08:40:02.601, 1638103098092, testhost.dll, TestRequestHandler.SendData: sending data from testhost: {"Version":7,"MessageType":"TestSession.Message","Payload":{"MessageLevel":0,"Message":"NUnit Adapter 4.6.0.0: Test execution complete"}}
TpTrace Verbose: 0 : 43492, 4, 2024/11/19, 08:40:02.601, 1638103100877, testhost.dll, MulticastDelegateUtilities.SafeInvoke: TestRunMessageLoggerProxy.SendMessage: Invoking callback 1/1 for Microsoft.VisualStudio.TestPlatform.CrossPlatEngine.Execution.RunTestsWithSources., took 0 ms.
TpTrace Verbose: 0 : 43492, 4, 2024/11/19, 08:40:02.605, 1638103133205, testhost.dll, BaseRunTests.RunTestInternalWithExecutors: Completed running tests for executor://NUnit3TestExecutor
TpTrace Verbose: 0 : 43492, 4, 2024/11/19, 08:40:02.605, 1638103141109, testhost.dll, MulticastDelegateUtilities.SafeInvoke: TestCaseEventsHandler.RaiseSessionEnd: Invoking callback 1/1 for Microsoft.VisualStudio.TestPlatform.CrossPlatEngine.DataCollection.ProxyOutOfProcDataCollectionManager., took 0 ms.
TpTrace Information: 0 : 43492, 4, 2024/11/19, 08:40:02.608, 1638103163236, testhost.dll, Sending test run complete
TpTrace Verbose: 0 : 43492, 4, 2024/11/19, 08:40:02.616, 1638103252289, testhost.dll, TestRequestHandler.SendData: sending data from testhost: {"Version":7,"MessageType":"TestExecution.Completed","Payload":{"TestRunCompleteArgs":{"TestRunStatistics":{"ExecutedTests":18,"Stats":{"Passed":18}},"IsCanceled":false,"IsAborted":false,"Error":null,"AttachmentSets":[],"InvokedDataCollectors":[],"ElapsedTimeInRunningTests":"00:00:00.4121712","Metrics":{},"DiscoveredExtensions":{"TestDiscoverers":["NUnit.VisualStudio.TestAdapter.NUnit3TestDiscoverer, NUnit3.TestAdapter, Version=4.6.0.0, Culture=neutral, PublicKeyToken=4cb40d35494691ac"],"TestExecutors":["executor://NUnit3TestExecutor"],"TestExecutors2":[],"TestSettingsProviders":[]}},"LastRunTests":{"NewTestResults":[{"TestCase":{"Id":"94146392-827e-7490-9620-638bdb0fc832","FullyQualifiedName":"Дневник_Питания.Tests.Core.UserInputManagerTests.GetActivityLevelAsync_ShouldPromptAgain_WhenInputIsInvalid","DisplayName":"GetActivityLevelAsync_ShouldPromptAgain_WhenInputIsInvalid","ExecutorUri":"executor://NUnit3TestExecutor","Source":"C:\\Users\\79217\\Source\\Repos\\Food_Diary\\bin\\Debug\\net8.0\\fine-code-coverage\\build-output\\Дневник Питания.dll","CodeFilePath":null,"LineNumber":0,"Properties":[{"Key":{"Id":"NUnit.Seed","Label":"Seed","Category":"","Description":"","Attributes":0,"ValueType":"System.String"},"Value":"198253815"}]},"Attachments":[],"Outcome":1,"ErrorMessage":null,"ErrorStackTrace":null,"DisplayName":"GetActivityLevelAsync_ShouldPromptAgain_WhenInputIsInvalid","Messages":[],"ComputerName":"LAPTOP-P07ET2BA","Duration":"00:00:00.0016760","StartTime":"2024-11-19T05:40:02.5348949+00:00","EndTime":"2024-11-19T05:40:02.5365708+00:00","Properties":[{"Key":{"Id":"NUnit.Seed","Label":"Seed","Category":"","Description":"","Attributes":0,"ValueType":"System.String"},"Value":"198253815"}]},{"TestCase":{"Id":"39c5d8b4-a111-ff47-7242-1fc7f7991229","FullyQualifiedName":"Дневник_Питания.Tests.Core.UserInputManagerTests.GetActivityLevelAsync_ShouldReturnValidChoice_WhenInputIsValid","DisplayName":"GetActivityLevelAsync_ShouldReturnValidChoice_WhenInputIsValid","ExecutorUri":"executor://NUnit3TestExecutor","Source":"C:\\Users\\79217\\Source\\Repos\\Food_Diary\\bin\\Debug\\net8.0\\fine-code-coverage\\build-output\\Дневник Питания.dll","CodeFilePath":null,"LineNumber":0,"Properties":[{"Key":{"Id":"NUnit.Seed","Label":"Seed","Category":"","Description":"","Attributes":0,"ValueType":"System.String"},"Value":"1172230453"}]},"Attachments":[],"Outcome":1,"ErrorMessage":null,"ErrorStackTrace":null,"DisplayName":"GetActivityLevelAsync_ShouldReturnValidChoice_WhenInputIsValid","Messages":[],"ComputerName":"LAPTOP-P07ET2BA","Duration":"00:00:00.0008960","StartTime":"2024-11-19T05:40:02.5365865+00:00","EndTime":"2024-11-19T05:40:02.5374825+00:00","Properties":[{"Key":{"Id":"NUnit.Seed","Label":"Seed","Category":"","Description":"","Attributes":0,"ValueType":"System.String"},"Value":"1172230453"}]},{"TestCase":{"Id":"c2a81624-11c8-16b7-a138-cd2f758f0bfd","FullyQualifiedName":"Дневник_Питания.Tests.Core.UserInputManagerTests.GetGenderAsync_ShouldPromptAgain_WhenInputIsInvalid","DisplayName":"GetGenderAsync_ShouldPromptAgain_WhenInputIsInvalid","ExecutorUri":"executor://NUnit3TestExecutor","Source":"C:\\Users\\79217\\Source\\Repos\\Food_Diary\\bin\\Debug\\net8.0\\fine-code-coverage\\build-output\\Дневник Питания.dll","CodeFilePath":null,"LineNumber":0,"Properties":[{"Key":{"Id":"NUnit.Seed","Label":"Seed","Category":"","Description":"","Attributes":0,"ValueType":"System.String"},"Value":"1029717182"}]},"Attachments":[],"Outcome":1,"ErrorMessage":null,"ErrorStackTrace":null,"DisplayName":"GetGenderAsync_ShouldPromptAgain_WhenInputIsInvalid","Messages":[],"ComputerName":"LAPTOP-P07ET2BA","Duration":"00:00:00.0013029","StartTime":"2024-11-19T05:40:02.5374961+00:00","EndTime":"2024-11-19T05:40:02.5387992+00:00","Properties":[{"Key":{"Id":"NUnit.Seed","Label":"Seed","Category":"","Description":"","Attributes":0,"ValueType":"System.String"},"Value":"1029717182"}]},{"TestCase":{"Id":"0a947010-d8f5-a5e8-07e3-33a985401081","FullyQualifiedName":"Дневник_Питания.Tests.Core.UserInputManagerTests.GetGenderAsync_ShouldReturnMale_WhenInputIsMale","DisplayName":"GetGenderAsync_ShouldReturnMale_WhenInputIsMale","ExecutorUri":"executor://NUnit3TestExecutor","Source":"C:\\Users\\79217\\Source\\Repos\\Food_Diary\\bin\\Debug\\net8.0\\fine-code-coverage\\build-output\\Дневник Питания.dll","CodeFilePath":null,"LineNumber":0,"Properties":[{"Key":{"Id":"NUnit.Seed","Label":"Seed","Category":"","Description":"","Attributes":0,"ValueType":"System.String"},"Value":"1047259597"}]},"Attachments":[],"Outcome":1,"ErrorMessage":null,"ErrorStackTrace":null,"DisplayName":"GetGenderAsync_ShouldReturnMale_WhenInputIsMale","Messages":[],"ComputerName":"LAPTOP-P07ET2BA","Duration":"00:00:00.0007370","StartTime":"2024-11-19T05:40:02.5388158+00:00","EndTime":"2024-11-19T05:40:02.5395529+00:00","Properties":[{"Key":{"Id":"NUnit.Seed","Label":"Seed","Category":"","Description":"","Attributes":0,"ValueType":"System.String"},"Value":"1047259597"}]},{"TestCase":{"Id":"4412b118-1114-c020-3fd0-274c7a61d58e","FullyQualifiedName":"Дневник_Питания.Tests.Core.UserInputManagerTests.GetMealTimeAsync_ShouldPromptAgain_WhenInputIsInvalid","DisplayName":"GetMealTimeAsync_ShouldPromptAgain_WhenInputIsInvalid","ExecutorUri":"executor://NUnit3TestExecutor","Source":"C:\\Users\\79217\\Source\\Repos\\Food_Diary\\bin\\Debug\\net8.0\\fine-code-coverage\\build-output\\Дневник Питания.dll","CodeFilePath":null,"LineNumber":0,"Properties":[{"Key":{"Id":"NUnit.Seed","Label":"Seed","Category":"","Description":"","Attributes":0,"ValueType":"System.String"},"Value":"511225396"}]},"Attachments":[],"Outcome":1,"ErrorMessage":null,"ErrorStackTrace":null,"DisplayName":"GetMealTimeAsync_ShouldPromptAgain_WhenInputIsInvalid","Messages":[],"ComputerName":"LAPTOP-P07ET2BA","Duration":"00:00:00.0017630","StartTime":"2024-11-19T05:40:02.5395662+00:00","EndTime":"2024-11-19T05:40:02.5413293+00:00","Properties":[{"Key":{"Id":"NUnit.Seed","Label":"Seed","Category":"","Description":"","Attributes":0,"ValueType":"System.String"},"Value":"511225396"}]},{"TestCase":{"Id":"d3b934f4-69cb-d616-4e78-4040901a67c2","FullyQualifiedName":"Дневник_Питания.Tests.Core.UserInputManagerTests.GetMealTimeAsync_ShouldReturnBreakfast_WhenInputIsBreakfast","DisplayName":"GetMealTimeAsync_ShouldReturnBreakfast_WhenInputIsBreakfast","ExecutorUri":"executor://NUnit3TestExecutor","Source":"C:\\Users\\79217\\Source\\Repos\\Food_Diary\\bin\\Debug\\net8.0\\fine-code-coverage\\build-output\\Дневник Питания.dll","CodeFilePath":null,"LineNumber":0,"Properties":[{"Key":{"Id":"NUnit.Seed","Label":"Seed","Category":"","Description":"","Attributes":0,"ValueType":"System.String"},"Value":"1564821074"}]},"Attachments":[],"Outcome":1,"ErrorMessage":null,"ErrorStackTrace":null,"DisplayName":"GetMealTimeAsync_ShouldReturnBreakfast_WhenInputIsBreakfast","Messages":[],"ComputerName":"LAPTOP-P07ET2BA","Duration":"00:00:00.0007660","StartTime":"2024-11-19T05:40:02.5413445+00:00","EndTime":"2024-11-19T05:40:02.5421108+00:00","Properties":[{"Key":{"Id":"NUnit.Seed","Label":"Seed","Category":"","Description":"","Attributes":0,"ValueType":"System.String"},"Value":"1564821074"}]},{"TestCase":{"Id":"c901fa7e-718c-279a-8743-fa0522287db0","FullyQualifiedName":"Дневник_Питания.Tests.Core.UserInputManagerTests.GetMealTimeAsync_ShouldReturnLunch_WhenInputIsLunch","DisplayName":"GetMealTimeAsync_ShouldReturnLunch_WhenInputIsLunch","ExecutorUri":"executor://NUnit3TestExecutor","Source":"C:\\Users\\79217\\Source\\Repos\\Food_Diary\\bin\\Debug\\net8.0\\fine-code-coverage\\build-output\\Дневник Питания.dll","CodeFilePath":null,"LineNumber":0,"Properties":[{"Key":{"Id":"NUnit.Seed","Label":"Seed","Category":"","Description":"","Attributes":0,"ValueType":"System.String"},"Value":"1982348754"}]},"Attachments":[],"Outcome":1,"ErrorMessage":null,"ErrorStackTrace":null,"DisplayName":"GetMealTimeAsync_ShouldReturnLunch_WhenInputIsLunch","Messages":[],"ComputerName":"LAPTOP-P07ET2BA","Duration":"00:00:00.0009590","StartTime":"2024-11-19T05:40:02.5421372+00:00","EndTime":"2024-11-19T05:40:02.5430958+00:00","Properties":[{"Key":{"Id":"NUnit.Seed","Label":"Seed","Category":"","Description":"","Attributes":0,"ValueType":"System.String"},"Value":"1982348754"}]},{"TestCase":{"Id":"5323631a-6b0a-3cc8-1c1a-52efb6af8324","FullyQualifiedName":"Дневник_Питания.Tests.Core.UserInputManagerTests.GetPositiveIntegerAsync_ShouldPromptAgain_WhenInputIsInvalid","DisplayName":"GetPositiveIntegerAsync_ShouldPromptAgain_WhenInputIsInvalid","ExecutorUri":"executor://NUnit3TestExecutor","Source":"C:\\Users\\79217\\Source\\Repos\\Food_Diary\\bin\\Debug\\net8.0\\fine-code-coverage\\build-output\\Дневник Питания.dll","CodeFilePath":null,"LineNumber":0,"Properties":[{"Key":{"Id":"NUnit.Seed","Label":"Seed","Category":"","Description":"","Attributes":0,"ValueType":"System.String"},"Value":"2121914172"}]},"Attachments":[],"Outcome":1,"ErrorMessage":null,"ErrorStackTrace":null,"DisplayName":"GetPositiveIntegerAsync_ShouldPromptAgain_WhenInputIsInvalid","Messages":[],"ComputerName":"LAPTOP-P07ET2BA","Duration":"00:00:00.0013740","StartTime":"2024-11-19T05:40:02.5431139+00:00","EndTime":"2024-11-19T05:40:02.5444872+00:00","Properties":[{"Key":{"Id":"NUnit.Seed","Label":"Seed","Category":"","Description":"","Attributes":0,"ValueType":"System.String"},"Value":"2121914172"}]},{"TestCase":{"Id":"c3bd2739-7c5a-ef73-0b2b-561d9c0e6d6c","FullyQualifiedName":"Дневник_Питания.Tests.Core.UserInputManagerTests.GetPositiveIntegerAsync_ShouldReturnPositiveInteger_WhenInputIsValid","DisplayName":"GetPositiveIntegerAsync_ShouldReturnPositiveInteger_WhenInputIsValid","ExecutorUri":"executor://NUnit3TestExecutor","Source":"C:\\Users\\79217\\Source\\Repos\\Food_Diary\\bin\\Debug\\net8.0\\fine-code-coverage\\build-output\\Дневник Питания.dll","CodeFilePath":null,"LineNumber":0,"Properties":[{"Key":{"Id":"NUnit.Seed","Label":"Seed","Category":"","Description":"","Attributes":0,"ValueType":"System.String"},"Value":"2111614596"}]},"Attachments":[],"Outcome":1,"ErrorMessage":null,"ErrorStackTrace":null,"DisplayName":"GetPositiveIntegerAsync_ShouldReturnPositiveInteger_WhenInputIsValid","Messages":[],"ComputerName":"LAPTOP-P07ET2BA","Duration":"00:00:00.0007590","StartTime":"2024-11-19T05:40:02.5445062+00:00","EndTime":"2024-11-19T05:40:02.5452648+00:00","Properties":[{"Key":{"Id":"NUnit.Seed","Label":"Seed","Category":"","Description":"","Attributes":0,"ValueType":"System.String"},"Value":"2111614596"}]}],"TestRunStatistics":{"ExecutedTests":18,"Stats":{"Passed":18}},"ActiveTests":[]},"RunAttachments":[],"ExecutorUris":["executor://nunit3testexecutor/"]}}
TpTrace Verbose: 0 : 43492, 4, 2024/11/19, 08:40:02.617, 1638103256717, testhost.dll, BaseRunTests.RunTests: Run is complete.
TpTrace Verbose: 0 : 43492, 7, 2024/11/19, 08:40:02.618, 1638103264063, testhost.dll, TcpClientExtensions.MessageLoopAsync: NotifyDataAvailable remoteEndPoint: [::ffff:127.0.0.1]:59824 localEndPoint: [::ffff:127.0.0.1]:59825
TpTrace Information: 0 : 43492, 7, 2024/11/19, 08:40:02.618, 1638103265760, testhost.dll, TestRequestHandler.OnMessageReceived: received message: (TestSession.Terminate) -> {"MessageType":"TestSession.Terminate","Payload":null}
TpTrace Information: 0 : 43492, 7, 2024/11/19, 08:40:02.618, 1638103266047, testhost.dll, Session End message received from server. Closing the connection.
TpTrace Information: 0 : 43492, 7, 2024/11/19, 08:40:02.618, 1638103269085, testhost.dll, SocketClient.Stop: Stop communication from server endpoint: 127.0.0.1:059824
TpTrace Information: 0 : 43492, 7, 2024/11/19, 08:40:02.618, 1638103269539, testhost.dll, SocketClient: Stop: Cancellation requested. Stopping message loop.
TpTrace Verbose: 0 : 43492, 7, 2024/11/19, 08:40:02.618, 1638103272357, testhost.dll, LengthPrefixCommunicationChannel.Dispose: Dispose reader and writer.
TpTrace Information: 0 : 43492, 1, 2024/11/19, 08:40:02.619, 1638103273158, testhost.dll, Closing the connection!
TpTrace Information: 0 : 43492, 7, 2024/11/19, 08:40:02.619, 1638103273218, testhost.dll, Closing the connection !
TpTrace Information: 0 : 43492, 1, 2024/11/19, 08:40:02.619, 1638103274129, testhost.dll, Testhost process exiting.
TpTrace Verbose: 0 : 43492, 7, 2024/11/19, 08:40:02.619, 1638103274594, testhost.dll, MulticastDelegateUtilities.SafeInvoke: LengthPrefixCommunicationChannel: MessageReceived: Invoking callback 1/1 for Microsoft.VisualStudio.TestPlatform.CommunicationUtilities.TestRequestHandler., took 0 ms.
TpTrace Information: 0 : 43492, 7, 2024/11/19, 08:40:02.619, 1638103277629, testhost.dll, SocketClient.PrivateStop: Stop communication from server endpoint: 127.0.0.1:059824, error:
TpTrace Verbose: 0 : 43492, 7, 2024/11/19, 08:40:02.619, 1638103280491, testhost.dll, LengthPrefixCommunicationChannel.Dispose: Dispose reader and writer.
TpTrace Verbose: 0 : 43492, 7, 2024/11/19, 08:40:02.619, 1638103280874, testhost.dll, TcpClientExtensions.MessageLoopAsync: exiting MessageLoopAsync remoteEndPoint: [::ffff:127.0.0.1]:59824 localEndPoint: [::ffff:127.0.0.1]:59825
