TpTrace Verbose: 0 : 26388, 1, 2024/11/19, 08:40:00.934, 1638086428263, datacollector.dll, Version: 17.11.0-release-24352-05
TpTrace Information: 0 : 26388, 1, 2024/11/19, 08:40:00.943, 1638086512964, datacollector.dll, DataCollectorMain.Run: Starting data collector run with args: --port,59821,--parentprocessid,42048,--diag,C:\Users\79217\Source\Repos\Food_Diary\bin\Debug\net8.0\fine-code-coverage\coverage-tool-output\diagnostics.datacollector.24-11-19_08-40-00_57463_5.log,--tracelevel,4
TpTrace Information: 0 : 26388, 1, 2024/11/19, 08:40:00.943, 1638086515544, datacollector.dll, DataCollector: Monitoring parent process with id: '42048'
TpTrace Information: 0 : 26388, 1, 2024/11/19, 08:40:00.969, 1638086777406, datacollector.dll, Trying to connect to server on socket : 127.0.0.1:59821 
TpTrace Verbose: 0 : 26388, 1, 2024/11/19, 08:40:00.986, 1638086950219, datacollector.dll, SocketCommunicationManager : SetupClientAsync : Attempting to connect to the server.
TpTrace Information: 0 : 26388, 8, 2024/11/19, 08:40:00.996, 1638087051665, datacollector.dll, Connected to the server successfully 
TpTrace Information: 0 : 26388, 8, 2024/11/19, 08:40:00.997, 1638087053081, datacollector.dll, Using the buffer size of 16384 bytes
TpTrace Information: 0 : 26388, 1, 2024/11/19, 08:40:01.064, 1638087730904, datacollector.dll, DataCollector: Start Request Processing.
TpTrace Verbose: 0 : 26388, 1, 2024/11/19, 08:40:01.065, 1638087733775, datacollector.dll, SocketCommunicationManager.WaitForServerConnection took: 0 ms, with 90000 ms timeout, and finished with True.
TpTrace Information: 0 : 26388, 1, 2024/11/19, 08:40:01.065, 1638087736636, datacollector.dll, DataCollectionRequestHandler.ProcessRequests: Datacollector received message: (DataCollection.BeforeTestRunStart) -> {"MessageType":"DataCollection.BeforeTestRunStart","Payload":{"SettingsXml":"<RunSettings><RunConfiguration><ResultsDirectory>C:\\Users\\79217\\Source\\Repos\\Food_Diary\\bin\\Debug\\net8.0\\fine-code-coverage\\coverage-tool-output</ResultsDirectory><TargetPlatform>X64</TargetPlatform><TargetFrameworkVersion>.NETCoreApp,Version=v8.0</TargetFrameworkVersion><DesignMode>False</DesignMode><CollectSourceInformation>False</CollectSourceInformation><TestAdaptersPaths>C:\\Program Files\\dotnet\\sdk\\8.0.401\\Extensions</TestAdaptersPaths></RunConfiguration><LoggerRunSettings><Loggers><Logger friendlyName=\"blame\" enabled=\"True\" /><Logger friendlyName=\"Console\" uri=\"logger://microsoft/TestPlatform/ConsoleLogger/v1\" assemblyQualifiedName=\"Microsoft.VisualStudio.TestPlatform.CommandLine.Internal.ConsoleLogger, vstest.console, Version=15.0.0.0, Culture=neutral, PublicKeyToken=b03f5f7f11d50a3a\" codeBase=\"C:\\Program Files\\dotnet\\sdk\\8.0.401\\vstest.console.dll\" enabled=\"True\" /></Loggers></LoggerRunSettings><DataCollectionRunSettings><DataCollectors><DataCollector friendlyName=\"blame\" enabled=\"True\"><Configuration><ResultsDirectory>C:\\Users\\79217\\Source\\Repos\\Food_Diary\\bin\\Debug\\net8.0\\fine-code-coverage\\coverage-tool-output</ResultsDirectory></Configuration></DataCollector></DataCollectors></DataCollectionRunSettings></RunSettings>","Sources":["C:\\Users\\79217\\Source\\Repos\\Food_Diary\\bin\\Debug\\net8.0\\fine-code-coverage\\build-output\\Дневник Питания.dll"],"IsTelemetryOptedIn":false}}
TpTrace Verbose: 0 : 26388, 1, 2024/11/19, 08:40:01.120, 1638088291244, datacollector.dll, TestPluginCache: Update extensions started. Skip filter = False
TpTrace Verbose: 0 : 26388, 1, 2024/11/19, 08:40:01.121, 1638088299395, datacollector.dll, TestPluginCache: Using directories for assembly resolution 'C:\Program Files\dotnet\sdk\8.0.401\Extensions'.
TpTrace Verbose: 0 : 26388, 1, 2024/11/19, 08:40:01.121, 1638088300112, datacollector.dll, TestPluginCache: Updated the available extensions to 'C:\Program Files\dotnet\sdk\8.0.401\Extensions\Microsoft.TestPlatform.Extensions.BlameDataCollector.dll,C:\Program Files\dotnet\sdk\8.0.401\Extensions\Microsoft.TestPlatform.Extensions.EventLogCollector.dll'.
TpTrace Verbose: 0 : 26388, 1, 2024/11/19, 08:40:01.130, 1638088382950, datacollector.dll, TestPluginCache.DiscoverTestExtensions: finding test extensions in assemblies ends with: Collector.dll TPluginInfo: Microsoft.VisualStudio.TestPlatform.Common.DataCollector.DataCollectorConfig TExtension: Microsoft.VisualStudio.TestPlatform.ObjectModel.DataCollection.DataCollector
TpTrace Verbose: 0 : 26388, 1, 2024/11/19, 08:40:01.135, 1638088439823, datacollector.dll, TestPluginCache.GetExtensionPaths: Filtered extension paths: C:\Program Files\dotnet\sdk\8.0.401\Extensions\Microsoft.TestPlatform.Extensions.BlameDataCollector.dll
C:\Program Files\dotnet\sdk\8.0.401\Extensions\Microsoft.TestPlatform.Extensions.EventLogCollector.dll
TpTrace Verbose: 0 : 26388, 1, 2024/11/19, 08:40:01.135, 1638088441421, datacollector.dll, TestPluginCache.GetExtensionPaths: Added default extension paths: 
TpTrace Verbose: 0 : 26388, 1, 2024/11/19, 08:40:01.135, 1638088441951, datacollector.dll, TestPluginCache.GetExtensionPaths: Added unfilterableExtensionPaths: 
TpTrace Information: 0 : 26388, 1, 2024/11/19, 08:40:01.136, 1638088451944, datacollector.dll, AssemblyResolver.ctor: Creating AssemblyResolver with searchDirectories C:\Program Files\dotnet\sdk\8.0.401\Extensions,C:\Program Files\dotnet\sdk\8.0.401
TpTrace Verbose: 0 : 26388, 1, 2024/11/19, 08:40:01.138, 1638088469839, datacollector.dll, TestPluginCache.DiscoverTestExtensions: Discovering the extensions using extension path.
TpTrace Verbose: 0 : 26388, 1, 2024/11/19, 08:40:01.139, 1638088472973, datacollector.dll, TestPluginCache.GetExtensionPaths: Filtered extension paths: C:\Program Files\dotnet\sdk\8.0.401\Extensions\Microsoft.TestPlatform.Extensions.BlameDataCollector.dll
C:\Program Files\dotnet\sdk\8.0.401\Extensions\Microsoft.TestPlatform.Extensions.EventLogCollector.dll
TpTrace Verbose: 0 : 26388, 1, 2024/11/19, 08:40:01.139, 1638088473924, datacollector.dll, TestPluginCache.GetExtensionPaths: Added default extension paths: 
TpTrace Verbose: 0 : 26388, 1, 2024/11/19, 08:40:01.139, 1638088474435, datacollector.dll, TestPluginCache.GetExtensionPaths: Added unfilterableExtensionPaths: 
TpTrace Verbose: 0 : 26388, 1, 2024/11/19, 08:40:01.139, 1638088475266, datacollector.dll, TestPluginCache.DiscoverTestExtensions: Discovering the extensions using allExtensionPaths: C:\Program Files\dotnet\sdk\8.0.401\Extensions\Microsoft.TestPlatform.Extensions.BlameDataCollector.dll
C:\Program Files\dotnet\sdk\8.0.401\Extensions\Microsoft.TestPlatform.Extensions.EventLogCollector.dll
TpTrace Information: 0 : 26388, 1, 2024/11/19, 08:40:01.139, 1638088477121, datacollector.dll, AssemblyResolver.AddSearchDirectories: Adding more searchDirectories C:\Program Files\dotnet\sdk\8.0.401\Extensions,C:\Program Files\dotnet\sdk\8.0.401
TpTrace Information: 0 : 26388, 1, 2024/11/19, 08:40:01.139, 1638088478290, datacollector.dll, AssemblyResolver.AddSearchDirectories: Adding more searchDirectories C:\Program Files\dotnet\sdk\8.0.401\Extensions,C:\Program Files\dotnet\sdk\8.0.401
TpTrace Information: 0 : 26388, 1, 2024/11/19, 08:40:01.140, 1638088485270, datacollector.dll, AssemblyResolver.OnResolve: Microsoft.TestPlatform.Extensions.BlameDataCollector: Resolving assembly.
TpTrace Information: 0 : 26388, 1, 2024/11/19, 08:40:01.140, 1638088486901, datacollector.dll, AssemblyResolver.OnResolve: Microsoft.TestPlatform.Extensions.BlameDataCollector: Searching in: 'C:\Program Files\dotnet\sdk\8.0.401\Extensions'.
TpTrace Information: 0 : 26388, 1, 2024/11/19, 08:40:01.155, 1638088636646, datacollector.dll, AssemblyResolver.OnResolve: Microsoft.TestPlatform.Extensions.BlameDataCollector: Loading assembly 'C:\Program Files\dotnet\sdk\8.0.401\Extensions\Microsoft.TestPlatform.Extensions.BlameDataCollector.dll'.
TpTrace Information: 0 : 26388, 1, 2024/11/19, 08:40:01.156, 1638088650873, datacollector.dll, AssemblyResolver.OnResolve: Resolved assembly: Microsoft.TestPlatform.Extensions.BlameDataCollector, from path: C:\Program Files\dotnet\sdk\8.0.401\Extensions\Microsoft.TestPlatform.Extensions.BlameDataCollector.dll
TpTrace Verbose: 0 : 26388, 1, 2024/11/19, 08:40:01.168, 1638088771350, datacollector.dll, MetadataReaderExtensionsHelper: Discovering extensions inside assembly 'Microsoft.TestPlatform.Extensions.BlameDataCollector, Version=15.0.0.0, Culture=neutral, PublicKeyToken=b03f5f7f11d50a3a' file path 'C:\Program Files\dotnet\sdk\8.0.401\Extensions\Microsoft.TestPlatform.Extensions.BlameDataCollector.dll'
TpTrace Error: 0 : 26388, 1, 2024/11/19, 08:40:01.174, 1638088829586, datacollector.dll, The type "Microsoft.TestPlatform.Extensions.BlameDataCollector.BlameCollector" defined in "Microsoft.TestPlatform.Extensions.BlameDataCollector.dll" does not have ExtensionUri attribute.
TpTrace Information: 0 : 26388, 1, 2024/11/19, 08:40:01.180, 1638088890891, datacollector.dll, GetTestExtensionFromType: Register extension with identifier data 'datacollector://microsoft/TestPlatform/Extensions/Blame/v1' and type 'Microsoft.TestPlatform.Extensions.BlameDataCollector.BlameCollector, Microsoft.TestPlatform.Extensions.BlameDataCollector, Version=15.0.0.0, Culture=neutral, PublicKeyToken=b03f5f7f11d50a3a' inside file 'C:\Program Files\dotnet\sdk\8.0.401\Extensions\Microsoft.TestPlatform.Extensions.BlameDataCollector.dll'
TpTrace Information: 0 : 26388, 1, 2024/11/19, 08:40:01.181, 1638088893501, datacollector.dll, AssemblyResolver.OnResolve: Microsoft.TestPlatform.Extensions.EventLogCollector: Resolving assembly.
TpTrace Information: 0 : 26388, 1, 2024/11/19, 08:40:01.181, 1638088894413, datacollector.dll, AssemblyResolver.OnResolve: Microsoft.TestPlatform.Extensions.EventLogCollector: Searching in: 'C:\Program Files\dotnet\sdk\8.0.401\Extensions'.
TpTrace Information: 0 : 26388, 1, 2024/11/19, 08:40:01.182, 1638088904130, datacollector.dll, AssemblyResolver.OnResolve: Microsoft.TestPlatform.Extensions.EventLogCollector: Loading assembly 'C:\Program Files\dotnet\sdk\8.0.401\Extensions\Microsoft.TestPlatform.Extensions.EventLogCollector.dll'.
TpTrace Information: 0 : 26388, 1, 2024/11/19, 08:40:01.183, 1638088913870, datacollector.dll, AssemblyResolver.OnResolve: Resolved assembly: Microsoft.TestPlatform.Extensions.EventLogCollector, from path: C:\Program Files\dotnet\sdk\8.0.401\Extensions\Microsoft.TestPlatform.Extensions.EventLogCollector.dll
TpTrace Verbose: 0 : 26388, 1, 2024/11/19, 08:40:01.183, 1638088915462, datacollector.dll, MetadataReaderExtensionsHelper: Discovering extensions inside assembly 'Microsoft.TestPlatform.Extensions.EventLogCollector, Version=15.0.0.0, Culture=neutral, PublicKeyToken=b03f5f7f11d50a3a' file path 'C:\Program Files\dotnet\sdk\8.0.401\Extensions\Microsoft.TestPlatform.Extensions.EventLogCollector.dll'
TpTrace Error: 0 : 26388, 1, 2024/11/19, 08:40:01.188, 1638088971137, datacollector.dll, The type "Microsoft.TestPlatform.Extensions.EventLogCollector.EventLogDataCollector" defined in "Microsoft.TestPlatform.Extensions.EventLogCollector.dll" does not have ExtensionUri attribute.
TpTrace Information: 0 : 26388, 1, 2024/11/19, 08:40:01.189, 1638088978673, datacollector.dll, GetTestExtensionFromType: Register extension with identifier data 'datacollector://microsoft/EventLog/2.0' and type 'Microsoft.TestPlatform.Extensions.EventLogCollector.EventLogDataCollector, Microsoft.TestPlatform.Extensions.EventLogCollector, Version=15.0.0.0, Culture=neutral, PublicKeyToken=b03f5f7f11d50a3a' inside file 'C:\Program Files\dotnet\sdk\8.0.401\Extensions\Microsoft.TestPlatform.Extensions.EventLogCollector.dll'
TpTrace Verbose: 0 : 26388, 1, 2024/11/19, 08:40:01.189, 1638088982584, datacollector.dll, TestPluginCache: Discovered the extensions using extension path 'C:\Program Files\dotnet\sdk\8.0.401\Extensions\Microsoft.TestPlatform.Extensions.BlameDataCollector.dll,C:\Program Files\dotnet\sdk\8.0.401\Extensions\Microsoft.TestPlatform.Extensions.EventLogCollector.dll'.
TpTrace Verbose: 0 : 26388, 1, 2024/11/19, 08:40:01.190, 1638088983273, datacollector.dll, TestPluginCache: Discoverers are ''.
TpTrace Verbose: 0 : 26388, 1, 2024/11/19, 08:40:01.190, 1638088983679, datacollector.dll, TestPluginCache: Executors are ''.
TpTrace Verbose: 0 : 26388, 1, 2024/11/19, 08:40:01.190, 1638088984151, datacollector.dll, TestPluginCache: Executors2 are ''.
TpTrace Verbose: 0 : 26388, 1, 2024/11/19, 08:40:01.190, 1638088984576, datacollector.dll, TestPluginCache: Setting providers are ''.
TpTrace Verbose: 0 : 26388, 1, 2024/11/19, 08:40:01.190, 1638088984976, datacollector.dll, TestPluginCache: Loggers are ''.
TpTrace Verbose: 0 : 26388, 1, 2024/11/19, 08:40:01.190, 1638088985337, datacollector.dll, TestPluginCache: TestHosts are ''.
TpTrace Verbose: 0 : 26388, 1, 2024/11/19, 08:40:01.190, 1638088987932, datacollector.dll, TestPluginCache: DataCollectors are 'datacollector://microsoft/TestPlatform/Extensions/Blame/v1,datacollector://microsoft/EventLog/2.0'.
TpTrace Information: 0 : 26388, 1, 2024/11/19, 08:40:01.192, 1638089009006, datacollector.dll, TestPluginManager.CreateTestExtension: Attempting to load test extension: Microsoft.TestPlatform.Extensions.BlameDataCollector.BlameCollector
TpTrace Information: 0 : 26388, 1, 2024/11/19, 08:40:01.199, 1638089075828, datacollector.dll, [MonitorPostmortemDump]Monitor enabled: 'False'
TpTrace Verbose: 0 : 26388, 1, 2024/11/19, 08:40:01.200, 1638089088283, datacollector.dll, MulticastDelegateUtilities.SafeInvoke: DataCollectionEvents.SessionStart: Invoking callbacks was skipped because there are no subscribers.
TpTrace Information: 0 : 26388, 1, 2024/11/19, 08:40:01.201, 1638089095943, datacollector.dll, Listening on Endpoint : 127.0.0.1:59823
TpTrace Information: 0 : 26388, 1, 2024/11/19, 08:40:01.213, 1638089219298, datacollector.dll, DataCollectionRequestHandler.ProcessRequests : DataCollection started.
TpTrace Information: 0 : 26388, 1, 2024/11/19, 08:40:01.391, 1638091002165, datacollector.dll, DataCollectionRequestHandler.ProcessRequests: Datacollector received message: (DataCollection.TestHostLaunched) -> {"MessageType":"DataCollection.TestHostLaunched","Payload":{"ProcessId":43492}}
TpTrace Verbose: 0 : 26388, 1, 2024/11/19, 08:40:01.397, 1638091052940, datacollector.dll, MulticastDelegateUtilities.SafeInvoke: DataCollectionEvents.TestHostLaunched: Invoking callback 1/1 for Microsoft.TestPlatform.Extensions.BlameDataCollector.BlameCollector., took 0 ms.
TpTrace Verbose: 0 : 26388, 8, 2024/11/19, 08:40:01.777, 1638094854814, datacollector.dll, SocketCommunicationManager.WaitForClientConnection took: 570 ms, with 90000 ms timeout, and finished with True.
TpTrace Information: 0 : 26388, 6, 2024/11/19, 08:40:01.777, 1638094854805, datacollector.dll, Using the buffer size of 16384 bytes
TpTrace Information: 0 : 26388, 6, 2024/11/19, 08:40:01.777, 1638094856646, datacollector.dll, Accepted Client request and set the flag
TpTrace Information: 0 : 26388, 8, 2024/11/19, 08:40:02.432, 1638101405888, datacollector.dll, DataCollectionTestCaseEventHandler: Test case starting.
TpTrace Information: 0 : 26388, 8, 2024/11/19, 08:40:02.444, 1638101530100, datacollector.dll, BlameCollector.EventsTestCaseStart: Test Case Start
TpTrace Verbose: 0 : 26388, 8, 2024/11/19, 08:40:02.444, 1638101532343, datacollector.dll, MulticastDelegateUtilities.SafeInvoke: DataCollectionEvents.TestCaseStart: Invoking callback 1/1 for Microsoft.TestPlatform.Extensions.BlameDataCollector.BlameCollector., took 0 ms.
TpTrace Information: 0 : 26388, 8, 2024/11/19, 08:40:02.445, 1638101535764, datacollector.dll, DataCollectionTestCaseEventHandler: Test case 'LoadUserAsync_ShouldReturnUser_WhenDataExists - 04f382e7-d68e-ac66-3846-96fbb9e05264' started.
TpTrace Information: 0 : 26388, 8, 2024/11/19, 08:40:02.496, 1638102043958, datacollector.dll, DataCollectionTestCaseEventHandler: Test case completing.
TpTrace Information: 0 : 26388, 8, 2024/11/19, 08:40:02.499, 1638102073390, datacollector.dll, BlameCollector.EventsTestCaseEnd: Test Case End
TpTrace Verbose: 0 : 26388, 8, 2024/11/19, 08:40:02.499, 1638102075555, datacollector.dll, MulticastDelegateUtilities.SafeInvoke: DataCollectionEvents.TestCaseEnd: Invoking callback 1/1 for Microsoft.TestPlatform.Extensions.BlameDataCollector.BlameCollector., took 0 ms.
TpTrace Information: 0 : 26388, 8, 2024/11/19, 08:40:02.500, 1638102092421, datacollector.dll, DataCollectionTestCaseEventHandler: Test case 'LoadUserAsync_ShouldReturnUser_WhenDataExists - 04f382e7-d68e-ac66-3846-96fbb9e05264' completed
TpTrace Information: 0 : 26388, 8, 2024/11/19, 08:40:02.507, 1638102159630, datacollector.dll, DataCollectionTestCaseEventHandler: Test case starting.
TpTrace Information: 0 : 26388, 8, 2024/11/19, 08:40:02.508, 1638102170753, datacollector.dll, BlameCollector.EventsTestCaseStart: Test Case Start
TpTrace Verbose: 0 : 26388, 8, 2024/11/19, 08:40:02.508, 1638102172553, datacollector.dll, MulticastDelegateUtilities.SafeInvoke: DataCollectionEvents.TestCaseStart: Invoking callback 1/1 for Microsoft.TestPlatform.Extensions.BlameDataCollector.BlameCollector., took 0 ms.
TpTrace Information: 0 : 26388, 8, 2024/11/19, 08:40:02.509, 1638102177391, datacollector.dll, DataCollectionTestCaseEventHandler: Test case 'SaveAllDataAsync_ShouldCallSaveDataAsync_WhenCalled - 63c5d6b5-96e6-a629-d285-3330339c84ae' started.
TpTrace Information: 0 : 26388, 8, 2024/11/19, 08:40:02.510, 1638102189205, datacollector.dll, DataCollectionTestCaseEventHandler: Test case completing.
TpTrace Information: 0 : 26388, 8, 2024/11/19, 08:40:02.511, 1638102196430, datacollector.dll, BlameCollector.EventsTestCaseEnd: Test Case End
TpTrace Verbose: 0 : 26388, 8, 2024/11/19, 08:40:02.511, 1638102197689, datacollector.dll, MulticastDelegateUtilities.SafeInvoke: DataCollectionEvents.TestCaseEnd: Invoking callback 1/1 for Microsoft.TestPlatform.Extensions.BlameDataCollector.BlameCollector., took 0 ms.
TpTrace Information: 0 : 26388, 8, 2024/11/19, 08:40:02.511, 1638102200245, datacollector.dll, DataCollectionTestCaseEventHandler: Test case 'SaveAllDataAsync_ShouldCallSaveDataAsync_WhenCalled - 63c5d6b5-96e6-a629-d285-3330339c84ae' completed
TpTrace Information: 0 : 26388, 8, 2024/11/19, 08:40:02.513, 1638102219422, datacollector.dll, DataCollectionTestCaseEventHandler: Test case starting.
TpTrace Information: 0 : 26388, 8, 2024/11/19, 08:40:02.514, 1638102226863, datacollector.dll, BlameCollector.EventsTestCaseStart: Test Case Start
TpTrace Verbose: 0 : 26388, 8, 2024/11/19, 08:40:02.514, 1638102227940, datacollector.dll, MulticastDelegateUtilities.SafeInvoke: DataCollectionEvents.TestCaseStart: Invoking callback 1/1 for Microsoft.TestPlatform.Extensions.BlameDataCollector.BlameCollector., took 0 ms.
TpTrace Information: 0 : 26388, 8, 2024/11/19, 08:40:02.514, 1638102229912, datacollector.dll, DataCollectionTestCaseEventHandler: Test case 'AddFoodAsync_ShouldCallSaveFoodAsync_WhenInputIsValid - 49e7fd09-90b6-0667-da52-660c195d7f4d' started.
TpTrace Information: 0 : 26388, 8, 2024/11/19, 08:40:02.515, 1638102236158, datacollector.dll, DataCollectionTestCaseEventHandler: Test case completing.
TpTrace Information: 0 : 26388, 8, 2024/11/19, 08:40:02.515, 1638102241221, datacollector.dll, BlameCollector.EventsTestCaseEnd: Test Case End
TpTrace Verbose: 0 : 26388, 8, 2024/11/19, 08:40:02.515, 1638102242050, datacollector.dll, MulticastDelegateUtilities.SafeInvoke: DataCollectionEvents.TestCaseEnd: Invoking callback 1/1 for Microsoft.TestPlatform.Extensions.BlameDataCollector.BlameCollector., took 0 ms.
TpTrace Information: 0 : 26388, 8, 2024/11/19, 08:40:02.516, 1638102244279, datacollector.dll, DataCollectionTestCaseEventHandler: Test case 'AddFoodAsync_ShouldCallSaveFoodAsync_WhenInputIsValid - 49e7fd09-90b6-0667-da52-660c195d7f4d' completed
TpTrace Information: 0 : 26388, 8, 2024/11/19, 08:40:02.516, 1638102250373, datacollector.dll, DataCollectionTestCaseEventHandler: Test case starting.
TpTrace Information: 0 : 26388, 8, 2024/11/19, 08:40:02.517, 1638102255485, datacollector.dll, BlameCollector.EventsTestCaseStart: Test Case Start
TpTrace Verbose: 0 : 26388, 8, 2024/11/19, 08:40:02.517, 1638102256505, datacollector.dll, MulticastDelegateUtilities.SafeInvoke: DataCollectionEvents.TestCaseStart: Invoking callback 1/1 for Microsoft.TestPlatform.Extensions.BlameDataCollector.BlameCollector., took 0 ms.
TpTrace Information: 0 : 26388, 8, 2024/11/19, 08:40:02.517, 1638102259111, datacollector.dll, DataCollectionTestCaseEventHandler: Test case 'AddFoodAsync_ShouldRetryOnEmptyName - b06ba36b-44bc-66e1-0285-9f30400100bd' started.
TpTrace Information: 0 : 26388, 8, 2024/11/19, 08:40:02.518, 1638102266486, datacollector.dll, DataCollectionTestCaseEventHandler: Test case completing.
TpTrace Information: 0 : 26388, 8, 2024/11/19, 08:40:02.519, 1638102274208, datacollector.dll, BlameCollector.EventsTestCaseEnd: Test Case End
TpTrace Verbose: 0 : 26388, 8, 2024/11/19, 08:40:02.519, 1638102275810, datacollector.dll, MulticastDelegateUtilities.SafeInvoke: DataCollectionEvents.TestCaseEnd: Invoking callback 1/1 for Microsoft.TestPlatform.Extensions.BlameDataCollector.BlameCollector., took 0 ms.
TpTrace Information: 0 : 26388, 8, 2024/11/19, 08:40:02.519, 1638102278348, datacollector.dll, DataCollectionTestCaseEventHandler: Test case 'AddFoodAsync_ShouldRetryOnEmptyName - b06ba36b-44bc-66e1-0285-9f30400100bd' completed
TpTrace Information: 0 : 26388, 8, 2024/11/19, 08:40:02.520, 1638102288368, datacollector.dll, DataCollectionTestCaseEventHandler: Test case starting.
TpTrace Information: 0 : 26388, 8, 2024/11/19, 08:40:02.521, 1638102295872, datacollector.dll, BlameCollector.EventsTestCaseStart: Test Case Start
TpTrace Verbose: 0 : 26388, 8, 2024/11/19, 08:40:02.521, 1638102297498, datacollector.dll, MulticastDelegateUtilities.SafeInvoke: DataCollectionEvents.TestCaseStart: Invoking callback 1/1 for Microsoft.TestPlatform.Extensions.BlameDataCollector.BlameCollector., took 0 ms.
TpTrace Information: 0 : 26388, 8, 2024/11/19, 08:40:02.521, 1638102299714, datacollector.dll, DataCollectionTestCaseEventHandler: Test case 'AddFoodAsync_ShouldRetryOnInvalidName - 3d411f1d-4760-3b04-92ca-02d1b49af83c' started.
TpTrace Information: 0 : 26388, 8, 2024/11/19, 08:40:02.522, 1638102308379, datacollector.dll, DataCollectionTestCaseEventHandler: Test case completing.
TpTrace Information: 0 : 26388, 8, 2024/11/19, 08:40:02.523, 1638102313860, datacollector.dll, BlameCollector.EventsTestCaseEnd: Test Case End
TpTrace Verbose: 0 : 26388, 8, 2024/11/19, 08:40:02.523, 1638102314537, datacollector.dll, MulticastDelegateUtilities.SafeInvoke: DataCollectionEvents.TestCaseEnd: Invoking callback 1/1 for Microsoft.TestPlatform.Extensions.BlameDataCollector.BlameCollector., took 0 ms.
TpTrace Information: 0 : 26388, 8, 2024/11/19, 08:40:02.523, 1638102316130, datacollector.dll, DataCollectionTestCaseEventHandler: Test case 'AddFoodAsync_ShouldRetryOnInvalidName - 3d411f1d-4760-3b04-92ca-02d1b49af83c' completed
TpTrace Information: 0 : 26388, 8, 2024/11/19, 08:40:02.524, 1638102326473, datacollector.dll, DataCollectionTestCaseEventHandler: Test case starting.
TpTrace Information: 0 : 26388, 8, 2024/11/19, 08:40:02.524, 1638102332521, datacollector.dll, BlameCollector.EventsTestCaseStart: Test Case Start
TpTrace Verbose: 0 : 26388, 8, 2024/11/19, 08:40:02.525, 1638102333246, datacollector.dll, MulticastDelegateUtilities.SafeInvoke: DataCollectionEvents.TestCaseStart: Invoking callback 1/1 for Microsoft.TestPlatform.Extensions.BlameDataCollector.BlameCollector., took 0 ms.
TpTrace Information: 0 : 26388, 8, 2024/11/19, 08:40:02.525, 1638102334629, datacollector.dll, DataCollectionTestCaseEventHandler: Test case 'ShowStatisticsAsync_ShouldDisplayCorrectStatistics_ForDayPeriod - c903a1d4-9e6b-66de-27f5-bef7f7fcad19' started.
TpTrace Information: 0 : 26388, 8, 2024/11/19, 08:40:02.529, 1638102373702, datacollector.dll, DataCollectionTestCaseEventHandler: Test case completing.
TpTrace Information: 0 : 26388, 8, 2024/11/19, 08:40:02.529, 1638102379564, datacollector.dll, BlameCollector.EventsTestCaseEnd: Test Case End
TpTrace Verbose: 0 : 26388, 8, 2024/11/19, 08:40:02.529, 1638102380533, datacollector.dll, MulticastDelegateUtilities.SafeInvoke: DataCollectionEvents.TestCaseEnd: Invoking callback 1/1 for Microsoft.TestPlatform.Extensions.BlameDataCollector.BlameCollector., took 0 ms.
TpTrace Information: 0 : 26388, 8, 2024/11/19, 08:40:02.529, 1638102382811, datacollector.dll, DataCollectionTestCaseEventHandler: Test case 'ShowStatisticsAsync_ShouldDisplayCorrectStatistics_ForDayPeriod - c903a1d4-9e6b-66de-27f5-bef7f7fcad19' completed
TpTrace Information: 0 : 26388, 8, 2024/11/19, 08:40:02.530, 1638102391063, datacollector.dll, DataCollectionTestCaseEventHandler: Test case starting.
TpTrace Information: 0 : 26388, 8, 2024/11/19, 08:40:02.531, 1638102396825, datacollector.dll, BlameCollector.EventsTestCaseStart: Test Case Start
TpTrace Verbose: 0 : 26388, 8, 2024/11/19, 08:40:02.531, 1638102397368, datacollector.dll, MulticastDelegateUtilities.SafeInvoke: DataCollectionEvents.TestCaseStart: Invoking callback 1/1 for Microsoft.TestPlatform.Extensions.BlameDataCollector.BlameCollector., took 0 ms.
TpTrace Information: 0 : 26388, 8, 2024/11/19, 08:40:02.531, 1638102398877, datacollector.dll, DataCollectionTestCaseEventHandler: Test case 'ShowStatisticsAsync_ShouldDisplayStatisticsForMonthPeriod - 7d2ad705-1f70-80b1-3d95-adbd62482c85' started.
TpTrace Information: 0 : 26388, 8, 2024/11/19, 08:40:02.532, 1638102406694, datacollector.dll, DataCollectionTestCaseEventHandler: Test case completing.
TpTrace Information: 0 : 26388, 8, 2024/11/19, 08:40:02.533, 1638102414351, datacollector.dll, BlameCollector.EventsTestCaseEnd: Test Case End
TpTrace Verbose: 0 : 26388, 8, 2024/11/19, 08:40:02.533, 1638102415595, datacollector.dll, MulticastDelegateUtilities.SafeInvoke: DataCollectionEvents.TestCaseEnd: Invoking callback 1/1 for Microsoft.TestPlatform.Extensions.BlameDataCollector.BlameCollector., took 0 ms.
TpTrace Information: 0 : 26388, 8, 2024/11/19, 08:40:02.533, 1638102417635, datacollector.dll, DataCollectionTestCaseEventHandler: Test case 'ShowStatisticsAsync_ShouldDisplayStatisticsForMonthPeriod - 7d2ad705-1f70-80b1-3d95-adbd62482c85' completed
TpTrace Information: 0 : 26388, 8, 2024/11/19, 08:40:02.534, 1638102430365, datacollector.dll, DataCollectionTestCaseEventHandler: Test case starting.
TpTrace Information: 0 : 26388, 8, 2024/11/19, 08:40:02.535, 1638102436120, datacollector.dll, BlameCollector.EventsTestCaseStart: Test Case Start
TpTrace Verbose: 0 : 26388, 8, 2024/11/19, 08:40:02.535, 1638102436812, datacollector.dll, MulticastDelegateUtilities.SafeInvoke: DataCollectionEvents.TestCaseStart: Invoking callback 1/1 for Microsoft.TestPlatform.Extensions.BlameDataCollector.BlameCollector., took 0 ms.
TpTrace Information: 0 : 26388, 8, 2024/11/19, 08:40:02.535, 1638102438261, datacollector.dll, DataCollectionTestCaseEventHandler: Test case 'ShowStatisticsAsync_ShouldDisplayStatisticsForWeekPeriod - a6ef418f-10b6-15a1-633f-f5e176b366d0' started.
TpTrace Information: 0 : 26388, 8, 2024/11/19, 08:40:02.536, 1638102445278, datacollector.dll, DataCollectionTestCaseEventHandler: Test case completing.
TpTrace Information: 0 : 26388, 8, 2024/11/19, 08:40:02.536, 1638102450326, datacollector.dll, BlameCollector.EventsTestCaseEnd: Test Case End
TpTrace Verbose: 0 : 26388, 8, 2024/11/19, 08:40:02.536, 1638102450866, datacollector.dll, MulticastDelegateUtilities.SafeInvoke: DataCollectionEvents.TestCaseEnd: Invoking callback 1/1 for Microsoft.TestPlatform.Extensions.BlameDataCollector.BlameCollector., took 0 ms.
TpTrace Information: 0 : 26388, 8, 2024/11/19, 08:40:02.536, 1638102452291, datacollector.dll, DataCollectionTestCaseEventHandler: Test case 'ShowStatisticsAsync_ShouldDisplayStatisticsForWeekPeriod - a6ef418f-10b6-15a1-633f-f5e176b366d0' completed
TpTrace Information: 0 : 26388, 8, 2024/11/19, 08:40:02.537, 1638102460346, datacollector.dll, DataCollectionTestCaseEventHandler: Test case starting.
TpTrace Information: 0 : 26388, 8, 2024/11/19, 08:40:02.538, 1638102465357, datacollector.dll, BlameCollector.EventsTestCaseStart: Test Case Start
TpTrace Verbose: 0 : 26388, 8, 2024/11/19, 08:40:02.538, 1638102465909, datacollector.dll, MulticastDelegateUtilities.SafeInvoke: DataCollectionEvents.TestCaseStart: Invoking callback 1/1 for Microsoft.TestPlatform.Extensions.BlameDataCollector.BlameCollector., took 0 ms.
TpTrace Information: 0 : 26388, 8, 2024/11/19, 08:40:02.538, 1638102467043, datacollector.dll, DataCollectionTestCaseEventHandler: Test case 'ShowStatisticsAsync_ShouldHandleEmptyFoodData - 35a9369e-a07c-6e6a-d526-87a642705703' started.
TpTrace Information: 0 : 26388, 8, 2024/11/19, 08:40:02.539, 1638102474165, datacollector.dll, DataCollectionTestCaseEventHandler: Test case completing.
TpTrace Information: 0 : 26388, 8, 2024/11/19, 08:40:02.539, 1638102479431, datacollector.dll, BlameCollector.EventsTestCaseEnd: Test Case End
TpTrace Verbose: 0 : 26388, 8, 2024/11/19, 08:40:02.539, 1638102480306, datacollector.dll, MulticastDelegateUtilities.SafeInvoke: DataCollectionEvents.TestCaseEnd: Invoking callback 1/1 for Microsoft.TestPlatform.Extensions.BlameDataCollector.BlameCollector., took 0 ms.
TpTrace Information: 0 : 26388, 8, 2024/11/19, 08:40:02.539, 1638102482191, datacollector.dll, DataCollectionTestCaseEventHandler: Test case 'ShowStatisticsAsync_ShouldHandleEmptyFoodData - 35a9369e-a07c-6e6a-d526-87a642705703' completed
TpTrace Information: 0 : 26388, 8, 2024/11/19, 08:40:02.563, 1638102712997, datacollector.dll, DataCollectionTestCaseEventHandler: Test case starting.
TpTrace Information: 0 : 26388, 8, 2024/11/19, 08:40:02.563, 1638102719004, datacollector.dll, BlameCollector.EventsTestCaseStart: Test Case Start
TpTrace Verbose: 0 : 26388, 8, 2024/11/19, 08:40:02.563, 1638102719956, datacollector.dll, MulticastDelegateUtilities.SafeInvoke: DataCollectionEvents.TestCaseStart: Invoking callback 1/1 for Microsoft.TestPlatform.Extensions.BlameDataCollector.BlameCollector., took 0 ms.
TpTrace Information: 0 : 26388, 8, 2024/11/19, 08:40:02.563, 1638102722277, datacollector.dll, DataCollectionTestCaseEventHandler: Test case 'GetActivityLevelAsync_ShouldPromptAgain_WhenInputIsInvalid - 94146392-827e-7490-9620-638bdb0fc832' started.
TpTrace Information: 0 : 26388, 8, 2024/11/19, 08:40:02.570, 1638102792559, datacollector.dll, DataCollectionTestCaseEventHandler: Test case completing.
TpTrace Information: 0 : 26388, 8, 2024/11/19, 08:40:02.571, 1638102797555, datacollector.dll, BlameCollector.EventsTestCaseEnd: Test Case End
TpTrace Verbose: 0 : 26388, 8, 2024/11/19, 08:40:02.571, 1638102797981, datacollector.dll, MulticastDelegateUtilities.SafeInvoke: DataCollectionEvents.TestCaseEnd: Invoking callback 1/1 for Microsoft.TestPlatform.Extensions.BlameDataCollector.BlameCollector., took 0 ms.
TpTrace Information: 0 : 26388, 8, 2024/11/19, 08:40:02.571, 1638102799331, datacollector.dll, DataCollectionTestCaseEventHandler: Test case 'GetActivityLevelAsync_ShouldPromptAgain_WhenInputIsInvalid - 94146392-827e-7490-9620-638bdb0fc832' completed
TpTrace Information: 0 : 26388, 8, 2024/11/19, 08:40:02.572, 1638102806597, datacollector.dll, DataCollectionTestCaseEventHandler: Test case starting.
TpTrace Information: 0 : 26388, 8, 2024/11/19, 08:40:02.572, 1638102810134, datacollector.dll, BlameCollector.EventsTestCaseStart: Test Case Start
TpTrace Verbose: 0 : 26388, 8, 2024/11/19, 08:40:02.572, 1638102810518, datacollector.dll, MulticastDelegateUtilities.SafeInvoke: DataCollectionEvents.TestCaseStart: Invoking callback 1/1 for Microsoft.TestPlatform.Extensions.BlameDataCollector.BlameCollector., took 0 ms.
TpTrace Information: 0 : 26388, 8, 2024/11/19, 08:40:02.572, 1638102811401, datacollector.dll, DataCollectionTestCaseEventHandler: Test case 'GetActivityLevelAsync_ShouldReturnValidChoice_WhenInputIsValid - 39c5d8b4-a111-ff47-7242-1fc7f7991229' started.
TpTrace Information: 0 : 26388, 8, 2024/11/19, 08:40:02.573, 1638102818014, datacollector.dll, DataCollectionTestCaseEventHandler: Test case completing.
TpTrace Information: 0 : 26388, 8, 2024/11/19, 08:40:02.573, 1638102821677, datacollector.dll, BlameCollector.EventsTestCaseEnd: Test Case End
TpTrace Verbose: 0 : 26388, 8, 2024/11/19, 08:40:02.573, 1638102822237, datacollector.dll, MulticastDelegateUtilities.SafeInvoke: DataCollectionEvents.TestCaseEnd: Invoking callback 1/1 for Microsoft.TestPlatform.Extensions.BlameDataCollector.BlameCollector., took 0 ms.
TpTrace Information: 0 : 26388, 8, 2024/11/19, 08:40:02.574, 1638102823316, datacollector.dll, DataCollectionTestCaseEventHandler: Test case 'GetActivityLevelAsync_ShouldReturnValidChoice_WhenInputIsValid - 39c5d8b4-a111-ff47-7242-1fc7f7991229' completed
TpTrace Information: 0 : 26388, 8, 2024/11/19, 08:40:02.574, 1638102831803, datacollector.dll, DataCollectionTestCaseEventHandler: Test case starting.
TpTrace Information: 0 : 26388, 8, 2024/11/19, 08:40:02.575, 1638102837192, datacollector.dll, BlameCollector.EventsTestCaseStart: Test Case Start
TpTrace Verbose: 0 : 26388, 8, 2024/11/19, 08:40:02.575, 1638102838232, datacollector.dll, MulticastDelegateUtilities.SafeInvoke: DataCollectionEvents.TestCaseStart: Invoking callback 1/1 for Microsoft.TestPlatform.Extensions.BlameDataCollector.BlameCollector., took 0 ms.
TpTrace Information: 0 : 26388, 8, 2024/11/19, 08:40:02.575, 1638102839988, datacollector.dll, DataCollectionTestCaseEventHandler: Test case 'GetGenderAsync_ShouldPromptAgain_WhenInputIsInvalid - c2a81624-11c8-16b7-a138-cd2f758f0bfd' started.
TpTrace Information: 0 : 26388, 8, 2024/11/19, 08:40:02.576, 1638102850047, datacollector.dll, DataCollectionTestCaseEventHandler: Test case completing.
TpTrace Information: 0 : 26388, 8, 2024/11/19, 08:40:02.577, 1638102856891, datacollector.dll, BlameCollector.EventsTestCaseEnd: Test Case End
TpTrace Verbose: 0 : 26388, 8, 2024/11/19, 08:40:02.577, 1638102858053, datacollector.dll, MulticastDelegateUtilities.SafeInvoke: DataCollectionEvents.TestCaseEnd: Invoking callback 1/1 for Microsoft.TestPlatform.Extensions.BlameDataCollector.BlameCollector., took 0 ms.
TpTrace Information: 0 : 26388, 8, 2024/11/19, 08:40:02.577, 1638102860595, datacollector.dll, DataCollectionTestCaseEventHandler: Test case 'GetGenderAsync_ShouldPromptAgain_WhenInputIsInvalid - c2a81624-11c8-16b7-a138-cd2f758f0bfd' completed
TpTrace Information: 0 : 26388, 8, 2024/11/19, 08:40:02.578, 1638102872042, datacollector.dll, DataCollectionTestCaseEventHandler: Test case starting.
TpTrace Information: 0 : 26388, 8, 2024/11/19, 08:40:02.579, 1638102880239, datacollector.dll, BlameCollector.EventsTestCaseStart: Test Case Start
TpTrace Verbose: 0 : 26388, 8, 2024/11/19, 08:40:02.579, 1638102882109, datacollector.dll, MulticastDelegateUtilities.SafeInvoke: DataCollectionEvents.TestCaseStart: Invoking callback 1/1 for Microsoft.TestPlatform.Extensions.BlameDataCollector.BlameCollector., took 0 ms.
TpTrace Information: 0 : 26388, 8, 2024/11/19, 08:40:02.580, 1638102884595, datacollector.dll, DataCollectionTestCaseEventHandler: Test case 'GetGenderAsync_ShouldReturnMale_WhenInputIsMale - 0a947010-d8f5-a5e8-07e3-33a985401081' started.
TpTrace Information: 0 : 26388, 8, 2024/11/19, 08:40:02.580, 1638102891577, datacollector.dll, DataCollectionTestCaseEventHandler: Test case completing.
TpTrace Information: 0 : 26388, 8, 2024/11/19, 08:40:02.581, 1638102897466, datacollector.dll, BlameCollector.EventsTestCaseEnd: Test Case End
TpTrace Verbose: 0 : 26388, 8, 2024/11/19, 08:40:02.581, 1638102898610, datacollector.dll, MulticastDelegateUtilities.SafeInvoke: DataCollectionEvents.TestCaseEnd: Invoking callback 1/1 for Microsoft.TestPlatform.Extensions.BlameDataCollector.BlameCollector., took 0 ms.
TpTrace Information: 0 : 26388, 8, 2024/11/19, 08:40:02.581, 1638102900446, datacollector.dll, DataCollectionTestCaseEventHandler: Test case 'GetGenderAsync_ShouldReturnMale_WhenInputIsMale - 0a947010-d8f5-a5e8-07e3-33a985401081' completed
TpTrace Information: 0 : 26388, 8, 2024/11/19, 08:40:02.582, 1638102909401, datacollector.dll, DataCollectionTestCaseEventHandler: Test case starting.
TpTrace Information: 0 : 26388, 8, 2024/11/19, 08:40:02.583, 1638102915208, datacollector.dll, BlameCollector.EventsTestCaseStart: Test Case Start
TpTrace Verbose: 0 : 26388, 8, 2024/11/19, 08:40:02.583, 1638102915769, datacollector.dll, MulticastDelegateUtilities.SafeInvoke: DataCollectionEvents.TestCaseStart: Invoking callback 1/1 for Microsoft.TestPlatform.Extensions.BlameDataCollector.BlameCollector., took 0 ms.
TpTrace Information: 0 : 26388, 8, 2024/11/19, 08:40:02.583, 1638102917340, datacollector.dll, DataCollectionTestCaseEventHandler: Test case 'GetMealTimeAsync_ShouldPromptAgain_WhenInputIsInvalid - 4412b118-1114-c020-3fd0-274c7a61d58e' started.
TpTrace Information: 0 : 26388, 8, 2024/11/19, 08:40:02.584, 1638102925043, datacollector.dll, DataCollectionTestCaseEventHandler: Test case completing.
TpTrace Information: 0 : 26388, 8, 2024/11/19, 08:40:02.585, 1638102933026, datacollector.dll, BlameCollector.EventsTestCaseEnd: Test Case End
TpTrace Verbose: 0 : 26388, 8, 2024/11/19, 08:40:02.585, 1638102934313, datacollector.dll, MulticastDelegateUtilities.SafeInvoke: DataCollectionEvents.TestCaseEnd: Invoking callback 1/1 for Microsoft.TestPlatform.Extensions.BlameDataCollector.BlameCollector., took 0 ms.
TpTrace Information: 0 : 26388, 8, 2024/11/19, 08:40:02.585, 1638102936092, datacollector.dll, DataCollectionTestCaseEventHandler: Test case 'GetMealTimeAsync_ShouldPromptAgain_WhenInputIsInvalid - 4412b118-1114-c020-3fd0-274c7a61d58e' completed
TpTrace Information: 0 : 26388, 8, 2024/11/19, 08:40:02.586, 1638102943844, datacollector.dll, DataCollectionTestCaseEventHandler: Test case starting.
TpTrace Information: 0 : 26388, 8, 2024/11/19, 08:40:02.586, 1638102948691, datacollector.dll, BlameCollector.EventsTestCaseStart: Test Case Start
TpTrace Verbose: 0 : 26388, 8, 2024/11/19, 08:40:02.586, 1638102949151, datacollector.dll, MulticastDelegateUtilities.SafeInvoke: DataCollectionEvents.TestCaseStart: Invoking callback 1/1 for Microsoft.TestPlatform.Extensions.BlameDataCollector.BlameCollector., took 0 ms.
TpTrace Information: 0 : 26388, 8, 2024/11/19, 08:40:02.586, 1638102950092, datacollector.dll, DataCollectionTestCaseEventHandler: Test case 'GetMealTimeAsync_ShouldReturnBreakfast_WhenInputIsBreakfast - d3b934f4-69cb-d616-4e78-4040901a67c2' started.
TpTrace Information: 0 : 26388, 8, 2024/11/19, 08:40:02.587, 1638102955751, datacollector.dll, DataCollectionTestCaseEventHandler: Test case completing.
TpTrace Information: 0 : 26388, 8, 2024/11/19, 08:40:02.587, 1638102961170, datacollector.dll, BlameCollector.EventsTestCaseEnd: Test Case End
TpTrace Verbose: 0 : 26388, 8, 2024/11/19, 08:40:02.587, 1638102962103, datacollector.dll, MulticastDelegateUtilities.SafeInvoke: DataCollectionEvents.TestCaseEnd: Invoking callback 1/1 for Microsoft.TestPlatform.Extensions.BlameDataCollector.BlameCollector., took 0 ms.
TpTrace Information: 0 : 26388, 8, 2024/11/19, 08:40:02.588, 1638102963991, datacollector.dll, DataCollectionTestCaseEventHandler: Test case 'GetMealTimeAsync_ShouldReturnBreakfast_WhenInputIsBreakfast - d3b934f4-69cb-d616-4e78-4040901a67c2' completed
TpTrace Information: 0 : 26388, 8, 2024/11/19, 08:40:02.588, 1638102972231, datacollector.dll, DataCollectionTestCaseEventHandler: Test case starting.
TpTrace Information: 0 : 26388, 8, 2024/11/19, 08:40:02.589, 1638102977065, datacollector.dll, BlameCollector.EventsTestCaseStart: Test Case Start
TpTrace Verbose: 0 : 26388, 8, 2024/11/19, 08:40:02.589, 1638102977493, datacollector.dll, MulticastDelegateUtilities.SafeInvoke: DataCollectionEvents.TestCaseStart: Invoking callback 1/1 for Microsoft.TestPlatform.Extensions.BlameDataCollector.BlameCollector., took 0 ms.
TpTrace Information: 0 : 26388, 8, 2024/11/19, 08:40:02.589, 1638102978431, datacollector.dll, DataCollectionTestCaseEventHandler: Test case 'GetMealTimeAsync_ShouldReturnLunch_WhenInputIsLunch - c901fa7e-718c-279a-8743-fa0522287db0' started.
TpTrace Information: 0 : 26388, 8, 2024/11/19, 08:40:02.590, 1638102984651, datacollector.dll, DataCollectionTestCaseEventHandler: Test case completing.
TpTrace Information: 0 : 26388, 8, 2024/11/19, 08:40:02.590, 1638102989497, datacollector.dll, BlameCollector.EventsTestCaseEnd: Test Case End
TpTrace Verbose: 0 : 26388, 8, 2024/11/19, 08:40:02.590, 1638102990147, datacollector.dll, MulticastDelegateUtilities.SafeInvoke: DataCollectionEvents.TestCaseEnd: Invoking callback 1/1 for Microsoft.TestPlatform.Extensions.BlameDataCollector.BlameCollector., took 0 ms.
TpTrace Information: 0 : 26388, 8, 2024/11/19, 08:40:02.590, 1638102991541, datacollector.dll, DataCollectionTestCaseEventHandler: Test case 'GetMealTimeAsync_ShouldReturnLunch_WhenInputIsLunch - c901fa7e-718c-279a-8743-fa0522287db0' completed
TpTrace Information: 0 : 26388, 8, 2024/11/19, 08:40:02.591, 1638102998366, datacollector.dll, DataCollectionTestCaseEventHandler: Test case starting.
TpTrace Information: 0 : 26388, 8, 2024/11/19, 08:40:02.592, 1638103002997, datacollector.dll, BlameCollector.EventsTestCaseStart: Test Case Start
TpTrace Verbose: 0 : 26388, 8, 2024/11/19, 08:40:02.592, 1638103003552, datacollector.dll, MulticastDelegateUtilities.SafeInvoke: DataCollectionEvents.TestCaseStart: Invoking callback 1/1 for Microsoft.TestPlatform.Extensions.BlameDataCollector.BlameCollector., took 0 ms.
TpTrace Information: 0 : 26388, 8, 2024/11/19, 08:40:02.592, 1638103004796, datacollector.dll, DataCollectionTestCaseEventHandler: Test case 'GetPositiveIntegerAsync_ShouldPromptAgain_WhenInputIsInvalid - 5323631a-6b0a-3cc8-1c1a-52efb6af8324' started.
TpTrace Information: 0 : 26388, 8, 2024/11/19, 08:40:02.592, 1638103011252, datacollector.dll, DataCollectionTestCaseEventHandler: Test case completing.
TpTrace Information: 0 : 26388, 8, 2024/11/19, 08:40:02.593, 1638103017422, datacollector.dll, BlameCollector.EventsTestCaseEnd: Test Case End
TpTrace Verbose: 0 : 26388, 8, 2024/11/19, 08:40:02.593, 1638103018170, datacollector.dll, MulticastDelegateUtilities.SafeInvoke: DataCollectionEvents.TestCaseEnd: Invoking callback 1/1 for Microsoft.TestPlatform.Extensions.BlameDataCollector.BlameCollector., took 0 ms.
TpTrace Information: 0 : 26388, 8, 2024/11/19, 08:40:02.593, 1638103019661, datacollector.dll, DataCollectionTestCaseEventHandler: Test case 'GetPositiveIntegerAsync_ShouldPromptAgain_WhenInputIsInvalid - 5323631a-6b0a-3cc8-1c1a-52efb6af8324' completed
TpTrace Information: 0 : 26388, 8, 2024/11/19, 08:40:02.594, 1638103025929, datacollector.dll, DataCollectionTestCaseEventHandler: Test case starting.
TpTrace Information: 0 : 26388, 8, 2024/11/19, 08:40:02.594, 1638103031117, datacollector.dll, BlameCollector.EventsTestCaseStart: Test Case Start
TpTrace Verbose: 0 : 26388, 8, 2024/11/19, 08:40:02.594, 1638103031901, datacollector.dll, MulticastDelegateUtilities.SafeInvoke: DataCollectionEvents.TestCaseStart: Invoking callback 1/1 for Microsoft.TestPlatform.Extensions.BlameDataCollector.BlameCollector., took 0 ms.
TpTrace Information: 0 : 26388, 8, 2024/11/19, 08:40:02.595, 1638103033298, datacollector.dll, DataCollectionTestCaseEventHandler: Test case 'GetPositiveIntegerAsync_ShouldReturnPositiveInteger_WhenInputIsValid - c3bd2739-7c5a-ef73-0b2b-561d9c0e6d6c' started.
TpTrace Information: 0 : 26388, 8, 2024/11/19, 08:40:02.595, 1638103038969, datacollector.dll, DataCollectionTestCaseEventHandler: Test case completing.
TpTrace Information: 0 : 26388, 8, 2024/11/19, 08:40:02.596, 1638103044754, datacollector.dll, BlameCollector.EventsTestCaseEnd: Test Case End
TpTrace Verbose: 0 : 26388, 8, 2024/11/19, 08:40:02.596, 1638103045484, datacollector.dll, MulticastDelegateUtilities.SafeInvoke: DataCollectionEvents.TestCaseEnd: Invoking callback 1/1 for Microsoft.TestPlatform.Extensions.BlameDataCollector.BlameCollector., took 0 ms.
TpTrace Information: 0 : 26388, 8, 2024/11/19, 08:40:02.596, 1638103046837, datacollector.dll, DataCollectionTestCaseEventHandler: Test case 'GetPositiveIntegerAsync_ShouldReturnPositiveInteger_WhenInputIsValid - c3bd2739-7c5a-ef73-0b2b-561d9c0e6d6c' completed
TpTrace Information: 0 : 26388, 8, 2024/11/19, 08:40:02.605, 1638103141439, datacollector.dll, DataCollectionTestCaseEventHandler: Test session ended
TpTrace Information: 0 : 26388, 1, 2024/11/19, 08:40:02.645, 1638103538695, datacollector.dll, DataCollectionRequestHandler.ProcessRequests: Datacollector received message: (DataCollection.AfterTestRunEnd) -> {"MessageType":"DataCollection.AfterTestRunEnd","Payload":false}
TpTrace Information: 0 : 26388, 1, 2024/11/19, 08:40:02.646, 1638103547873, datacollector.dll, Blame Collector: Session End
TpTrace Information: 0 : 26388, 1, 2024/11/19, 08:40:02.646, 1638103548802, datacollector.dll, BlameCollector.CollectDumpAndAbortTesthost: Custom path to dump directory was provided via VSTEST_DUMP_PATH. Skipping attachment upload, the caller is responsible for collecting and uploading the dumps themselves.
TpTrace Verbose: 0 : 26388, 1, 2024/11/19, 08:40:02.646, 1638103549437, datacollector.dll, MulticastDelegateUtilities.SafeInvoke: DataCollectionEvents.SessionEnd: Invoking callback 1/1 for Microsoft.TestPlatform.Extensions.BlameDataCollector.BlameCollector., took 0 ms.
TpTrace Information: 0 : 26388, 1, 2024/11/19, 08:40:02.647, 1638103553827, datacollector.dll, DataCollectionManager.CleanupPlugins: CleanupPlugins called
TpTrace Verbose: 0 : 26388, 1, 2024/11/19, 08:40:02.647, 1638103554252, datacollector.dll, DataCollectionManager.CleanupPlugins: Cleaning up 1 plugins
TpTrace Verbose: 0 : 26388, 1, 2024/11/19, 08:40:02.647, 1638103554931, datacollector.dll, dataCollectorInfo.DisposeDataCollector: calling Dispose() on Microsoft.TestPlatform.Extensions.BlameDataCollector.BlameCollector
TpTrace Information: 0 : 26388, 1, 2024/11/19, 08:40:02.647, 1638103555491, datacollector.dll, DataCollectionManager.CleanupPlugins: CleanupPlugins finished
TpTrace Information: 0 : 26388, 1, 2024/11/19, 08:40:02.650, 1638103587532, datacollector.dll, DataCollectionRequestHandler.ProcessRequests : Session End message received from server. Closing the connection.
TpTrace Information: 0 : 26388, 1, 2024/11/19, 08:40:02.650, 1638103590034, datacollector.dll, Closing the connection !
TpTrace Information: 0 : 26388, 1, 2024/11/19, 08:40:02.650, 1638103590546, datacollector.dll, DataCollectionRequestHandler.ProcessRequests : DataCollection completed
TpTrace Information: 0 : 26388, 1, 2024/11/19, 08:40:02.650, 1638103590830, datacollector.dll, Program.Main: exiting datacollector process.
